{"/home/travis/build/npmtest/node-npmtest-inquirer/test.js":{"path":"/home/travis/build/npmtest/node-npmtest-inquirer/test.js","s":{"1":2,"2":2,"3":2,"4":2,"5":2,"6":2,"7":2,"8":1,"9":2,"10":2,"11":1,"12":1,"13":1,"14":1,"15":2,"16":2,"17":2,"18":2,"19":1,"20":1,"21":2,"22":2,"23":2,"24":1,"25":1,"26":1,"27":1,"28":1,"29":1,"30":1,"31":1,"32":1,"33":1,"34":1,"35":1,"36":1,"37":1,"38":1,"39":2,"40":2,"41":1,"42":2,"43":2,"44":1,"45":2,"46":2,"47":1,"48":2,"49":2,"50":1,"51":1,"52":1,"53":1,"54":1},"b":{"1":[2,1,1,1],"2":[1,1,1,1],"3":[1,1],"4":[1,1],"5":[1,1],"6":[1,1],"7":[1,1],"8":[1,1],"9":[1,1],"10":[1,1,1],"11":[1,1],"12":[1,1],"13":[1,1],"14":[1,1],"15":[1,1],"16":[1,1],"17":[1,1]},"f":{"1":2,"2":2,"3":2,"4":2,"5":2,"6":1,"7":1,"8":1,"9":2,"10":2,"11":2,"12":2,"13":1},"fnMap":{"1":{"name":"(anonymous_1)","line":12,"loc":{"start":{"line":12,"column":1},"end":{"line":12,"column":13}}},"2":{"name":"(anonymous_2)","line":19,"loc":{"start":{"line":19,"column":5},"end":{"line":19,"column":17}}},"3":{"name":"(anonymous_3)","line":23,"loc":{"start":{"line":23,"column":24},"end":{"line":23,"column":36}}},"4":{"name":"(anonymous_4)","line":61,"loc":{"start":{"line":61,"column":5},"end":{"line":61,"column":17}}},"5":{"name":"(anonymous_5)","line":82,"loc":{"start":{"line":82,"column":5},"end":{"line":82,"column":17}}},"6":{"name":"(anonymous_6)","line":91,"loc":{"start":{"line":91,"column":77},"end":{"line":94,"column":10}}},"7":{"name":"(anonymous_7)","line":112,"loc":{"start":{"line":112,"column":83},"end":{"line":115,"column":10}},"skip":true},"8":{"name":"(anonymous_8)","line":123,"loc":{"start":{"line":123,"column":77},"end":{"line":126,"column":10}},"skip":true},"9":{"name":"(anonymous_9)","line":139,"loc":{"start":{"line":139,"column":12},"end":{"line":139,"column":40}},"skip":true},"10":{"name":"(anonymous_10)","line":147,"loc":{"start":{"line":147,"column":77},"end":{"line":150,"column":10}},"skip":true},"11":{"name":"(anonymous_11)","line":158,"loc":{"start":{"line":158,"column":83},"end":{"line":161,"column":10}},"skip":true},"12":{"name":"(anonymous_12)","line":169,"loc":{"start":{"line":169,"column":79},"end":{"line":172,"column":10}},"skip":true},"13":{"name":"(anonymous_13)","line":180,"loc":{"start":{"line":180,"column":75},"end":{"line":183,"column":10}},"skip":true}},"statementMap":{"1":{"start":{"line":12,"column":0},"end":{"line":195,"column":5}},"2":{"start":{"line":14,"column":4},"end":{"line":14,"column":14}},"3":{"start":{"line":19,"column":4},"end":{"line":56,"column":9}},"4":{"start":{"line":21,"column":8},"end":{"line":21,"column":19}},"5":{"start":{"line":23,"column":8},"end":{"line":35,"column":13}},"6":{"start":{"line":24,"column":12},"end":{"line":34,"column":13}},"7":{"start":{"line":25,"column":16},"end":{"line":28,"column":30}},"8":{"start":{"line":30,"column":16},"end":{"line":33,"column":27}},"9":{"start":{"line":37,"column":8},"end":{"line":39,"column":21}},"10":{"start":{"line":40,"column":8},"end":{"line":53,"column":9}},"11":{"start":{"line":43,"column":12},"end":{"line":46,"column":14}},"12":{"start":{"line":47,"column":12},"end":{"line":47,"column":18}},"13":{"start":{"line":50,"column":12},"end":{"line":51,"column":46}},"14":{"start":{"line":52,"column":12},"end":{"line":52,"column":18}},"15":{"start":{"line":55,"column":8},"end":{"line":55,"column":35}},"16":{"start":{"line":61,"column":4},"end":{"line":63,"column":9}},"17":{"start":{"line":62,"column":8},"end":{"line":62,"column":15}},"18":{"start":{"line":64,"column":4},"end":{"line":77,"column":5}},"19":{"start":{"line":70,"column":8},"end":{"line":70,"column":14}},"20":{"start":{"line":76,"column":8},"end":{"line":76,"column":14}},"21":{"start":{"line":82,"column":4},"end":{"line":84,"column":9}},"22":{"start":{"line":83,"column":8},"end":{"line":83,"column":15}},"23":{"start":{"line":85,"column":4},"end":{"line":194,"column":5}},"24":{"start":{"line":91,"column":8},"end":{"line":99,"column":10}},"25":{"start":{"line":98,"column":12},"end":{"line":98,"column":35}},"26":{"start":{"line":102,"column":8},"end":{"line":104,"column":63}},"27":{"start":{"line":105,"column":8},"end":{"line":105,"column":14}},"28":{"start":{"line":112,"column":8},"end":{"line":121,"column":10},"skip":true},"29":{"start":{"line":119,"column":12},"end":{"line":119,"column":55},"skip":true},"30":{"start":{"line":120,"column":12},"end":{"line":120,"column":48},"skip":true},"31":{"start":{"line":123,"column":8},"end":{"line":136,"column":10},"skip":true},"32":{"start":{"line":130,"column":12},"end":{"line":130,"column":76},"skip":true},"33":{"start":{"line":131,"column":12},"end":{"line":131,"column":73},"skip":true},"34":{"start":{"line":132,"column":12},"end":{"line":132,"column":74},"skip":true},"35":{"start":{"line":133,"column":12},"end":{"line":133,"column":79},"skip":true},"36":{"start":{"line":134,"column":12},"end":{"line":134,"column":25},"skip":true},"37":{"start":{"line":135,"column":12},"end":{"line":135,"column":45},"skip":true},"38":{"start":{"line":138,"column":8},"end":{"line":145,"column":14},"skip":true},"39":{"start":{"line":143,"column":16},"end":{"line":143,"column":29},"skip":true},"40":{"start":{"line":144,"column":16},"end":{"line":144,"column":55},"skip":true},"41":{"start":{"line":147,"column":8},"end":{"line":156,"column":10},"skip":true},"42":{"start":{"line":154,"column":12},"end":{"line":154,"column":25},"skip":true},"43":{"start":{"line":155,"column":12},"end":{"line":155,"column":45},"skip":true},"44":{"start":{"line":158,"column":8},"end":{"line":167,"column":10},"skip":true},"45":{"start":{"line":165,"column":12},"end":{"line":165,"column":25},"skip":true},"46":{"start":{"line":166,"column":12},"end":{"line":166,"column":48},"skip":true},"47":{"start":{"line":169,"column":8},"end":{"line":178,"column":10},"skip":true},"48":{"start":{"line":176,"column":12},"end":{"line":176,"column":25},"skip":true},"49":{"start":{"line":177,"column":12},"end":{"line":177,"column":46},"skip":true},"50":{"start":{"line":180,"column":8},"end":{"line":189,"column":10},"skip":true},"51":{"start":{"line":187,"column":12},"end":{"line":187,"column":94},"skip":true},"52":{"start":{"line":188,"column":12},"end":{"line":188,"column":48},"skip":true},"53":{"start":{"line":192,"column":8},"end":{"line":192,"column":35},"skip":true},"54":{"start":{"line":193,"column":8},"end":{"line":193,"column":14},"skip":true}},"branchMap":{"1":{"line":25,"type":"binary-expr","locations":[{"start":{"line":25,"column":23},"end":{"line":25,"column":62}},{"start":{"line":26,"column":20},"end":{"line":26,"column":70}},{"start":{"line":27,"column":20},"end":{"line":27,"column":71}},{"start":{"line":28,"column":20},"end":{"line":28,"column":29}}]},"2":{"line":30,"type":"binary-expr","locations":[{"start":{"line":30,"column":23},"end":{"line":30,"column":37}},{"start":{"line":31,"column":20},"end":{"line":31,"column":61}},{"start":{"line":32,"column":20},"end":{"line":32,"column":70}},{"start":{"line":33,"column":20},"end":{"line":33,"column":26}}]},"3":{"line":37,"type":"cond-expr","locations":[{"start":{"line":38,"column":14},"end":{"line":38,"column":20}},{"start":{"line":39,"column":14},"end":{"line":39,"column":20}}]},"4":{"line":40,"type":"switch","locations":[{"start":{"line":42,"column":8},"end":{"line":47,"column":18}},{"start":{"line":49,"column":8},"end":{"line":52,"column":18}}]},"5":{"line":44,"type":"binary-expr","locations":[{"start":{"line":44,"column":16},"end":{"line":44,"column":44}},{"start":{"line":44,"column":48},"end":{"line":44,"column":66}}]},"6":{"line":50,"type":"binary-expr","locations":[{"start":{"line":50,"column":21},"end":{"line":50,"column":49}},{"start":{"line":50,"column":53},"end":{"line":50,"column":72}}]},"7":{"line":64,"type":"switch","locations":[{"start":{"line":69,"column":4},"end":{"line":70,"column":14}},{"start":{"line":75,"column":4},"end":{"line":76,"column":14}}]},"8":{"line":85,"type":"switch","locations":[{"start":{"line":90,"column":4},"end":{"line":105,"column":14}},{"start":{"line":111,"column":4},"end":{"line":193,"column":14},"skip":true}]},"9":{"line":91,"type":"binary-expr","locations":[{"start":{"line":91,"column":42},"end":{"line":91,"column":73}},{"start":{"line":91,"column":77},"end":{"line":99,"column":9}}]},"10":{"line":102,"type":"binary-expr","locations":[{"start":{"line":102,"column":18},"end":{"line":102,"column":32}},{"start":{"line":103,"column":12},"end":{"line":103,"column":53}},{"start":{"line":104,"column":12},"end":{"line":104,"column":61}}]},"11":{"line":112,"type":"binary-expr","locations":[{"start":{"line":112,"column":45},"end":{"line":112,"column":79},"skip":true},{"start":{"line":112,"column":83},"end":{"line":121,"column":9},"skip":true}]},"12":{"line":123,"type":"binary-expr","locations":[{"start":{"line":123,"column":42},"end":{"line":123,"column":73},"skip":true},{"start":{"line":123,"column":77},"end":{"line":136,"column":9},"skip":true}]},"13":{"line":138,"type":"binary-expr","locations":[{"start":{"line":138,"column":48},"end":{"line":138,"column":85},"skip":true},{"start":{"line":139,"column":12},"end":{"line":145,"column":13},"skip":true}]},"14":{"line":147,"type":"binary-expr","locations":[{"start":{"line":147,"column":42},"end":{"line":147,"column":73},"skip":true},{"start":{"line":147,"column":77},"end":{"line":156,"column":9},"skip":true}]},"15":{"line":158,"type":"binary-expr","locations":[{"start":{"line":158,"column":45},"end":{"line":158,"column":79},"skip":true},{"start":{"line":158,"column":83},"end":{"line":167,"column":9},"skip":true}]},"16":{"line":169,"type":"binary-expr","locations":[{"start":{"line":169,"column":43},"end":{"line":169,"column":75},"skip":true},{"start":{"line":169,"column":79},"end":{"line":178,"column":9},"skip":true}]},"17":{"line":180,"type":"binary-expr","locations":[{"start":{"line":180,"column":41},"end":{"line":180,"column":71},"skip":true},{"start":{"line":180,"column":75},"end":{"line":189,"column":9},"skip":true}]}},"code":["/* istanbul instrument in package npmtest_inquirer */","/*jslint","    bitwise: true,","    browser: true,","    maxerr: 8,","    maxlen: 96,","    node: true,","    nomen: true,","    regexp: true,","    stupid: true","*/","(function () {","    'use strict';","    var local;","","","","    // run shared js-env code - pre-init","    (function () {","        // init local","        local = {};","        // init modeJs","        local.modeJs = (function () {","            try {","                return typeof navigator.userAgent === 'string' &&","                    typeof document.querySelector('body') === 'object' &&","                    typeof XMLHttpRequest.prototype.open === 'function' &&","                    'browser';","            } catch (errorCaughtBrowser) {","                return module.exports &&","                    typeof process.versions.node === 'string' &&","                    typeof require('http').createServer === 'function' &&","                    'node';","            }","        }());","        // init global","        local.global = local.modeJs === 'browser'","            ? window","            : global;","        switch (local.modeJs) {","        // re-init local from window.local","        case 'browser':","            local = local.global.utility2.objectSetDefault(","                local.global.utility2_rollup || local.global.local,","                local.global.utility2","            );","            break;","        // re-init local from example.js","        case 'node':","            local = (local.global.utility2_rollup || require('utility2'))","                .requireExampleJsFromReadme();","            break;","        }","        // export local","        local.global.local = local;","    }());","","","","    // run shared js-env code - function","    (function () {","        return;","    }());","    switch (local.modeJs) {","","","","    // run browser js-env code - function","    case 'browser':","        break;","","","","    // run node js-env code - function","    case 'node':","        break;","    }","","","","    // run shared js-env code - post-init","    (function () {","        return;","    }());","    switch (local.modeJs) {","","","","    // run browser js-env code - post-init","    case 'browser':","        local.testCase_browser_nullCase = local.testCase_browser_nullCase || function (","            options,","            onError","        ) {","        /*","         * this function will test browsers's null-case handling-behavior-behavior","         */","            onError(null, options);","        };","","        // run tests","        local.nop(local.modeTest &&","            document.querySelector('#testRunButton1') &&","            document.querySelector('#testRunButton1').click());","        break;","","","","    // run node js-env code - post-init","    /* istanbul ignore next */","    case 'node':","        local.testCase_buildApidoc_default = local.testCase_buildApidoc_default || function (","            options,","            onError","        ) {","        /*","         * this function will test buildApidoc's default handling-behavior-behavior","         */","            options = { modulePathList: module.paths };","            local.buildApidoc(options, onError);","        };","","        local.testCase_buildApp_default = local.testCase_buildApp_default || function (","            options,","            onError","        ) {","        /*","         * this function will test buildApp's default handling-behavior-behavior","         */","            local.testCase_buildReadme_default(options, local.onErrorThrow);","            local.testCase_buildLib_default(options, local.onErrorThrow);","            local.testCase_buildTest_default(options, local.onErrorThrow);","            local.testCase_buildCustomOrg_default(options, local.onErrorThrow);","            options = [];","            local.buildApp(options, onError);","        };","","        local.testCase_buildCustomOrg_default = local.testCase_buildCustomOrg_default ||","            function (options, onError) {","            /*","             * this function will test buildCustomOrg's default handling-behavior","             */","                options = {};","                local.buildCustomOrg(options, onError);","            };","","        local.testCase_buildLib_default = local.testCase_buildLib_default || function (","            options,","            onError","        ) {","        /*","         * this function will test buildLib's default handling-behavior","         */","            options = {};","            local.buildLib(options, onError);","        };","","        local.testCase_buildReadme_default = local.testCase_buildReadme_default || function (","            options,","            onError","        ) {","        /*","         * this function will test buildReadme's default handling-behavior-behavior","         */","            options = {};","            local.buildReadme(options, onError);","        };","","        local.testCase_buildTest_default = local.testCase_buildTest_default || function (","            options,","            onError","        ) {","        /*","         * this function will test buildTest's default handling-behavior","         */","            options = {};","            local.buildTest(options, onError);","        };","","        local.testCase_webpage_default = local.testCase_webpage_default || function (","            options,","            onError","        ) {","        /*","         * this function will test webpage's default handling-behavior","         */","            options = { modeCoverageMerge: true, url: local.serverLocalHost + '?modeTest=1' };","            local.browserTest(options, onError);","        };","","        // run test-server","        local.testRunServer(local);","        break;","    }","}());",""],"l":{"12":2,"14":2,"19":2,"21":2,"23":2,"24":2,"25":2,"30":1,"37":2,"40":2,"43":1,"47":1,"50":1,"52":1,"55":2,"61":2,"62":2,"64":2,"70":1,"76":1,"82":2,"83":2,"85":2,"91":1,"98":1,"102":1,"105":1,"112":1,"119":1,"120":1,"123":1,"130":1,"131":1,"132":1,"133":1,"134":1,"135":1,"138":1,"143":2,"144":2,"147":1,"154":2,"155":2,"158":1,"165":2,"166":2,"169":1,"176":2,"177":2,"180":1,"187":1,"188":1,"192":1,"193":1}},"/home/travis/build/npmtest/node-npmtest-inquirer/lib.npmtest_inquirer.js":{"path":"/home/travis/build/npmtest/node-npmtest-inquirer/lib.npmtest_inquirer.js","s":{"1":2,"2":2,"3":2,"4":2,"5":2,"6":2,"7":2,"8":1,"9":2,"10":2,"11":2,"12":2,"13":1,"14":1,"15":1,"16":1},"b":{"1":[2,1,1,1],"2":[1,1,1,1],"3":[1,1],"4":[2,2],"5":[1,1]},"f":{"1":2,"2":2,"3":2},"fnMap":{"1":{"name":"(anonymous_1)","line":12,"loc":{"start":{"line":12,"column":1},"end":{"line":12,"column":13}}},"2":{"name":"(anonymous_2)","line":19,"loc":{"start":{"line":19,"column":5},"end":{"line":19,"column":17}}},"3":{"name":"(anonymous_3)","line":23,"loc":{"start":{"line":23,"column":24},"end":{"line":23,"column":36}}}},"statementMap":{"1":{"start":{"line":12,"column":0},"end":{"line":53,"column":5}},"2":{"start":{"line":14,"column":4},"end":{"line":14,"column":14}},"3":{"start":{"line":19,"column":4},"end":{"line":52,"column":9}},"4":{"start":{"line":21,"column":8},"end":{"line":21,"column":19}},"5":{"start":{"line":23,"column":8},"end":{"line":35,"column":13}},"6":{"start":{"line":24,"column":12},"end":{"line":34,"column":13}},"7":{"start":{"line":25,"column":16},"end":{"line":28,"column":30}},"8":{"start":{"line":30,"column":16},"end":{"line":33,"column":27}},"9":{"start":{"line":37,"column":8},"end":{"line":39,"column":21}},"10":{"start":{"line":41,"column":8},"end":{"line":41,"column":54}},"11":{"start":{"line":43,"column":8},"end":{"line":43,"column":53}},"12":{"start":{"line":45,"column":8},"end":{"line":51,"column":9}},"13":{"start":{"line":46,"column":12},"end":{"line":46,"column":59}},"14":{"start":{"line":48,"column":12},"end":{"line":48,"column":35}},"15":{"start":{"line":49,"column":12},"end":{"line":49,"column":49}},"16":{"start":{"line":50,"column":12},"end":{"line":50,"column":43}}},"branchMap":{"1":{"line":25,"type":"binary-expr","locations":[{"start":{"line":25,"column":23},"end":{"line":25,"column":62}},{"start":{"line":26,"column":20},"end":{"line":26,"column":70}},{"start":{"line":27,"column":20},"end":{"line":27,"column":71}},{"start":{"line":28,"column":20},"end":{"line":28,"column":29}}]},"2":{"line":30,"type":"binary-expr","locations":[{"start":{"line":30,"column":23},"end":{"line":30,"column":37}},{"start":{"line":31,"column":20},"end":{"line":31,"column":61}},{"start":{"line":32,"column":20},"end":{"line":32,"column":70}},{"start":{"line":33,"column":20},"end":{"line":33,"column":26}}]},"3":{"line":37,"type":"cond-expr","locations":[{"start":{"line":38,"column":14},"end":{"line":38,"column":20}},{"start":{"line":39,"column":14},"end":{"line":39,"column":20}}]},"4":{"line":41,"type":"binary-expr","locations":[{"start":{"line":41,"column":16},"end":{"line":41,"column":44}},{"start":{"line":41,"column":48},"end":{"line":41,"column":53}}]},"5":{"line":45,"type":"if","locations":[{"start":{"line":45,"column":8},"end":{"line":45,"column":8}},{"start":{"line":45,"column":8},"end":{"line":45,"column":8}}]}},"code":["/* istanbul instrument in package npmtest_inquirer */","/*jslint","    bitwise: true,","    browser: true,","    maxerr: 8,","    maxlen: 96,","    node: true,","    nomen: true,","    regexp: true,","    stupid: true","*/","(function () {","    'use strict';","    var local;","","","","    // run shared js-env code - pre-init","    (function () {","        // init local","        local = {};","        // init modeJs","        local.modeJs = (function () {","            try {","                return typeof navigator.userAgent === 'string' &&","                    typeof document.querySelector('body') === 'object' &&","                    typeof XMLHttpRequest.prototype.open === 'function' &&","                    'browser';","            } catch (errorCaughtBrowser) {","                return module.exports &&","                    typeof process.versions.node === 'string' &&","                    typeof require('http').createServer === 'function' &&","                    'node';","            }","        }());","        // init global","        local.global = local.modeJs === 'browser'","            ? window","            : global;","        // init utility2_rollup","        local = local.global.utility2_rollup || local;","        // init lib","        local.local = local.npmtest_inquirer = local;","        // init exports","        if (local.modeJs === 'browser') {","            local.global.utility2_npmtest_inquirer = local;","        } else {","            module.exports = local;","            module.exports.__dirname = __dirname;","            module.exports.module = module;","        }","    }());","}());",""],"l":{"12":2,"14":2,"19":2,"21":2,"23":2,"24":2,"25":2,"30":1,"37":2,"41":2,"43":2,"45":2,"46":1,"48":1,"49":1,"50":1}},"/home/travis/build/npmtest/node-npmtest-inquirer/example.js":{"path":"/home/travis/build/npmtest/node-npmtest-inquirer/example.js","s":{"1":2,"2":2,"3":2,"4":2,"5":2,"6":2,"7":2,"8":1,"9":2,"10":2,"11":2,"12":2,"13":1,"14":2,"15":2,"16":2,"17":2,"18":2,"19":0,"20":2,"21":1,"22":1,"23":1,"24":1,"25":1,"26":0,"27":0,"28":1,"29":1,"30":2,"31":0,"32":0,"33":0,"34":1,"35":2,"36":2,"37":3,"38":3,"39":3,"40":3,"41":0,"42":3,"43":3,"44":3,"45":1,"46":3,"47":1,"48":1,"49":1,"50":1,"51":1,"52":1,"53":1,"54":1,"55":1,"56":1,"57":0,"58":1,"59":6,"60":6,"61":1,"62":2,"63":0,"64":2,"65":1,"66":1,"67":0,"68":0,"69":0,"70":0,"71":0,"72":0,"73":0,"74":0,"75":0,"76":0,"77":0,"78":0,"79":0,"80":0,"81":0,"82":0,"83":0},"b":{"1":[2,1,1,1],"2":[1,1,1,1],"3":[1,1],"4":[2,2],"5":[1,1],"6":[1,1],"7":[2,0],"8":[2,1,1,1,1,1],"9":[0,2,0],"10":[1,1],"11":[2,1,1],"12":[1,0],"13":[0,2],"14":[2,0,0,0,0,0,0],"15":[0,3],"16":[3,0],"17":[1,1],"18":[0,1],"19":[1,2,0,2],"20":[1,0],"21":[1,1],"22":[0,0],"23":[0,0],"24":[0,0],"25":[0,0],"26":[0,0],"27":[0,0],"28":[0,0]},"f":{"1":2,"2":2,"3":2,"4":2,"5":2,"6":2,"7":3,"8":3,"9":3,"10":1,"11":6,"12":0},"fnMap":{"1":{"name":"(anonymous_1)","line":26,"loc":{"start":{"line":26,"column":1},"end":{"line":26,"column":13}}},"2":{"name":"(anonymous_2)","line":33,"loc":{"start":{"line":33,"column":5},"end":{"line":33,"column":17}}},"3":{"name":"(anonymous_3)","line":37,"loc":{"start":{"line":37,"column":24},"end":{"line":37,"column":36}}},"4":{"name":"(anonymous_4)","line":69,"loc":{"start":{"line":69,"column":31},"end":{"line":69,"column":48}},"skip":true},"5":{"name":"(anonymous_5)","line":78,"loc":{"start":{"line":78,"column":26},"end":{"line":78,"column":45}},"skip":true},"6":{"name":"(anonymous_6)","line":123,"loc":{"start":{"line":123,"column":33},"end":{"line":123,"column":48}},"skip":true},"7":{"name":"(anonymous_7)","line":125,"loc":{"start":{"line":125,"column":27},"end":{"line":125,"column":39}},"skip":true},"8":{"name":"(anonymous_8)","line":133,"loc":{"start":{"line":133,"column":59},"end":{"line":133,"column":74}},"skip":true},"9":{"name":"(anonymous_9)","line":143,"loc":{"start":{"line":143,"column":45},"end":{"line":143,"column":62}},"skip":true},"10":{"name":"(anonymous_10)","line":144,"loc":{"start":{"line":144,"column":73},"end":{"line":144,"column":92}},"skip":true},"11":{"name":"(anonymous_11)","line":272,"loc":{"start":{"line":272,"column":51},"end":{"line":272,"column":77}},"skip":true},"12":{"name":"(anonymous_12)","line":315,"loc":{"start":{"line":315,"column":32},"end":{"line":315,"column":61}},"skip":true}},"statementMap":{"1":{"start":{"line":26,"column":0},"end":{"line":326,"column":5}},"2":{"start":{"line":28,"column":4},"end":{"line":28,"column":14}},"3":{"start":{"line":33,"column":4},"end":{"line":60,"column":9}},"4":{"start":{"line":35,"column":8},"end":{"line":35,"column":19}},"5":{"start":{"line":37,"column":8},"end":{"line":49,"column":13}},"6":{"start":{"line":38,"column":12},"end":{"line":48,"column":13}},"7":{"start":{"line":39,"column":16},"end":{"line":42,"column":30}},"8":{"start":{"line":44,"column":16},"end":{"line":47,"column":27}},"9":{"start":{"line":51,"column":8},"end":{"line":53,"column":21}},"10":{"start":{"line":55,"column":8},"end":{"line":57,"column":45}},"11":{"start":{"line":59,"column":8},"end":{"line":59,"column":35}},"12":{"start":{"line":61,"column":4},"end":{"line":325,"column":5}},"13":{"start":{"line":69,"column":8},"end":{"line":121,"column":10},"skip":true},"14":{"start":{"line":70,"column":12},"end":{"line":88,"column":13},"skip":true},"15":{"start":{"line":76,"column":16},"end":{"line":87,"column":19},"skip":true},"16":{"start":{"line":79,"column":20},"end":{"line":86,"column":21},"skip":true},"17":{"start":{"line":82,"column":24},"end":{"line":82,"column":43},"skip":true},"18":{"start":{"line":83,"column":24},"end":{"line":83,"column":30},"skip":true},"19":{"start":{"line":85,"column":24},"end":{"line":85,"column":49},"skip":true},"20":{"start":{"line":89,"column":12},"end":{"line":107,"column":13},"skip":true},"21":{"start":{"line":92,"column":16},"end":{"line":102,"column":17},"skip":true},"22":{"start":{"line":93,"column":20},"end":{"line":93,"column":86},"skip":true},"23":{"start":{"line":94,"column":20},"end":{"line":95,"column":45},"skip":true},"24":{"start":{"line":96,"column":20},"end":{"line":96,"column":42},"skip":true},"25":{"start":{"line":97,"column":20},"end":{"line":97,"column":48},"skip":true},"26":{"start":{"line":100,"column":20},"end":{"line":100,"column":85},"skip":true},"27":{"start":{"line":101,"column":20},"end":{"line":101,"column":96},"skip":true},"28":{"start":{"line":103,"column":16},"end":{"line":103,"column":22},"skip":true},"29":{"start":{"line":106,"column":16},"end":{"line":106,"column":22},"skip":true},"30":{"start":{"line":108,"column":12},"end":{"line":120,"column":13},"skip":true},"31":{"start":{"line":114,"column":16},"end":{"line":119,"column":17},"skip":true},"32":{"start":{"line":116,"column":20},"end":{"line":116,"column":78},"skip":true},"33":{"start":{"line":118,"column":20},"end":{"line":118,"column":47},"skip":true},"34":{"start":{"line":123,"column":8},"end":{"line":141,"column":11},"skip":true},"35":{"start":{"line":124,"column":12},"end":{"line":124,"column":54},"skip":true},"36":{"start":{"line":125,"column":12},"end":{"line":140,"column":14},"skip":true},"37":{"start":{"line":126,"column":16},"end":{"line":126,"column":28},"skip":true},"38":{"start":{"line":127,"column":16},"end":{"line":127,"column":69},"skip":true},"39":{"start":{"line":128,"column":16},"end":{"line":128,"column":75},"skip":true},"40":{"start":{"line":129,"column":16},"end":{"line":131,"column":17},"skip":true},"41":{"start":{"line":130,"column":20},"end":{"line":130,"column":27},"skip":true},"42":{"start":{"line":133,"column":16},"end":{"line":137,"column":36},"skip":true},"43":{"start":{"line":134,"column":20},"end":{"line":136,"column":55},"skip":true},"44":{"start":{"line":139,"column":16},"end":{"line":139,"column":57},"skip":true},"45":{"start":{"line":143,"column":8},"end":{"line":147,"column":11},"skip":true},"46":{"start":{"line":144,"column":12},"end":{"line":146,"column":15},"skip":true},"47":{"start":{"line":145,"column":16},"end":{"line":145,"column":70},"skip":true},"48":{"start":{"line":149,"column":8},"end":{"line":149,"column":31},"skip":true},"49":{"start":{"line":150,"column":8},"end":{"line":150,"column":14},"skip":true},"50":{"start":{"line":158,"column":8},"end":{"line":158,"column":31},"skip":true},"51":{"start":{"line":160,"column":8},"end":{"line":160,"column":33},"skip":true},"52":{"start":{"line":161,"column":8},"end":{"line":161,"column":37},"skip":true},"53":{"start":{"line":162,"column":8},"end":{"line":162,"column":35},"skip":true},"54":{"start":{"line":164,"column":8},"end":{"line":164,"column":50},"skip":true},"55":{"start":{"line":166,"column":8},"end":{"line":256,"column":2},"skip":true},"56":{"start":{"line":258,"column":8},"end":{"line":286,"column":9},"skip":true},"57":{"start":{"line":259,"column":12},"end":{"line":269,"column":14},"skip":true},"58":{"start":{"line":271,"column":12},"end":{"line":285,"column":19},"skip":true},"59":{"start":{"line":274,"column":20},"end":{"line":274,"column":35},"skip":true},"60":{"start":{"line":275,"column":20},"end":{"line":284,"column":21},"skip":true},"61":{"start":{"line":277,"column":24},"end":{"line":277,"column":64},"skip":true},"62":{"start":{"line":279,"column":24},"end":{"line":279,"column":40},"skip":true},"63":{"start":{"line":281,"column":24},"end":{"line":281,"column":40},"skip":true},"64":{"start":{"line":283,"column":24},"end":{"line":283,"column":39},"skip":true},"65":{"start":{"line":288,"column":8},"end":{"line":290,"column":9},"skip":true},"66":{"start":{"line":289,"column":12},"end":{"line":289,"column":18},"skip":true},"67":{"start":{"line":291,"column":8},"end":{"line":293,"column":54},"skip":true},"68":{"start":{"line":296,"column":8},"end":{"line":301,"column":37},"skip":true},"69":{"start":{"line":303,"column":8},"end":{"line":303,"column":82},"skip":true},"70":{"start":{"line":306,"column":8},"end":{"line":308,"column":9},"skip":true},"71":{"start":{"line":307,"column":12},"end":{"line":307,"column":82},"skip":true},"72":{"start":{"line":310,"column":8},"end":{"line":312,"column":9},"skip":true},"73":{"start":{"line":311,"column":12},"end":{"line":311,"column":18},"skip":true},"74":{"start":{"line":313,"column":8},"end":{"line":313,"column":54},"skip":true},"75":{"start":{"line":314,"column":8},"end":{"line":314,"column":69},"skip":true},"76":{"start":{"line":315,"column":8},"end":{"line":323,"column":36},"skip":true},"77":{"start":{"line":316,"column":12},"end":{"line":316,"column":61},"skip":true},"78":{"start":{"line":317,"column":12},"end":{"line":320,"column":13},"skip":true},"79":{"start":{"line":318,"column":16},"end":{"line":318,"column":75},"skip":true},"80":{"start":{"line":319,"column":16},"end":{"line":319,"column":23},"skip":true},"81":{"start":{"line":321,"column":12},"end":{"line":321,"column":38},"skip":true},"82":{"start":{"line":322,"column":12},"end":{"line":322,"column":27},"skip":true},"83":{"start":{"line":324,"column":8},"end":{"line":324,"column":14},"skip":true}},"branchMap":{"1":{"line":39,"type":"binary-expr","locations":[{"start":{"line":39,"column":23},"end":{"line":39,"column":62}},{"start":{"line":40,"column":20},"end":{"line":40,"column":70}},{"start":{"line":41,"column":20},"end":{"line":41,"column":71}},{"start":{"line":42,"column":20},"end":{"line":42,"column":29}}]},"2":{"line":44,"type":"binary-expr","locations":[{"start":{"line":44,"column":23},"end":{"line":44,"column":37}},{"start":{"line":45,"column":20},"end":{"line":45,"column":61}},{"start":{"line":46,"column":20},"end":{"line":46,"column":70}},{"start":{"line":47,"column":20},"end":{"line":47,"column":26}}]},"3":{"line":51,"type":"cond-expr","locations":[{"start":{"line":52,"column":14},"end":{"line":52,"column":20}},{"start":{"line":53,"column":14},"end":{"line":53,"column":20}}]},"4":{"line":55,"type":"binary-expr","locations":[{"start":{"line":55,"column":16},"end":{"line":55,"column":44}},{"start":{"line":55,"column":49},"end":{"line":57,"column":43}}]},"5":{"line":55,"type":"cond-expr","locations":[{"start":{"line":56,"column":14},"end":{"line":56,"column":52}},{"start":{"line":57,"column":14},"end":{"line":57,"column":43}}]},"6":{"line":61,"type":"switch","locations":[{"start":{"line":68,"column":4},"end":{"line":150,"column":14},"skip":true},{"start":{"line":156,"column":4},"end":{"line":324,"column":14},"skip":true}]},"7":{"line":70,"type":"if","locations":[{"start":{"line":70,"column":12},"end":{"line":70,"column":12},"skip":true},{"start":{"line":70,"column":12},"end":{"line":70,"column":12},"skip":true}]},"8":{"line":70,"type":"binary-expr","locations":[{"start":{"line":70,"column":16},"end":{"line":70,"column":22},"skip":true},{"start":{"line":70,"column":27},"end":{"line":70,"column":32},"skip":true},{"start":{"line":71,"column":20},"end":{"line":71,"column":39},"skip":true},{"start":{"line":72,"column":20},"end":{"line":72,"column":49},"skip":true},{"start":{"line":73,"column":20},"end":{"line":73,"column":58},"skip":true},{"start":{"line":74,"column":20},"end":{"line":74,"column":69},"skip":true}]},"9":{"line":79,"type":"switch","locations":[{"start":{"line":80,"column":20},"end":{"line":80,"column":33},"skip":true},{"start":{"line":81,"column":20},"end":{"line":83,"column":30},"skip":true},{"start":{"line":84,"column":20},"end":{"line":85,"column":49},"skip":true}]},"10":{"line":89,"type":"switch","locations":[{"start":{"line":90,"column":12},"end":{"line":103,"column":22},"skip":true},{"start":{"line":105,"column":12},"end":{"line":106,"column":22},"skip":true}]},"11":{"line":89,"type":"binary-expr","locations":[{"start":{"line":89,"column":20},"end":{"line":89,"column":25},"skip":true},{"start":{"line":89,"column":29},"end":{"line":89,"column":48},"skip":true},{"start":{"line":89,"column":52},"end":{"line":89,"column":74},"skip":true}]},"12":{"line":92,"type":"if","locations":[{"start":{"line":92,"column":16},"end":{"line":92,"column":16},"skip":true},{"start":{"line":92,"column":16},"end":{"line":92,"column":16},"skip":true}]},"13":{"line":108,"type":"if","locations":[{"start":{"line":108,"column":12},"end":{"line":108,"column":12},"skip":true},{"start":{"line":108,"column":12},"end":{"line":108,"column":12},"skip":true}]},"14":{"line":108,"type":"binary-expr","locations":[{"start":{"line":108,"column":16},"end":{"line":108,"column":61},"skip":true},{"start":{"line":108,"column":66},"end":{"line":108,"column":72},"skip":true},{"start":{"line":108,"column":77},"end":{"line":108,"column":82},"skip":true},{"start":{"line":109,"column":20},"end":{"line":109,"column":39},"skip":true},{"start":{"line":110,"column":20},"end":{"line":110,"column":49},"skip":true},{"start":{"line":111,"column":20},"end":{"line":111,"column":58},"skip":true},{"start":{"line":112,"column":20},"end":{"line":112,"column":68},"skip":true}]},"15":{"line":129,"type":"if","locations":[{"start":{"line":129,"column":16},"end":{"line":129,"column":16},"skip":true},{"start":{"line":129,"column":16},"end":{"line":129,"column":16},"skip":true}]},"16":{"line":134,"type":"cond-expr","locations":[{"start":{"line":135,"column":26},"end":{"line":135,"column":29},"skip":true},{"start":{"line":136,"column":26},"end":{"line":136,"column":54},"skip":true}]},"17":{"line":164,"type":"binary-expr","locations":[{"start":{"line":164,"column":27},"end":{"line":164,"column":43},"skip":true},{"start":{"line":164,"column":47},"end":{"line":164,"column":49},"skip":true}]},"18":{"line":258,"type":"if","locations":[{"start":{"line":258,"column":8},"end":{"line":258,"column":8},"skip":true},{"start":{"line":258,"column":8},"end":{"line":258,"column":8},"skip":true}]},"19":{"line":275,"type":"switch","locations":[{"start":{"line":276,"column":20},"end":{"line":277,"column":64},"skip":true},{"start":{"line":278,"column":20},"end":{"line":279,"column":40},"skip":true},{"start":{"line":280,"column":20},"end":{"line":281,"column":40},"skip":true},{"start":{"line":282,"column":20},"end":{"line":283,"column":39},"skip":true}]},"20":{"line":288,"type":"if","locations":[{"start":{"line":288,"column":8},"end":{"line":288,"column":8},"skip":true},{"start":{"line":288,"column":8},"end":{"line":288,"column":8},"skip":true}]},"21":{"line":288,"type":"binary-expr","locations":[{"start":{"line":288,"column":12},"end":{"line":288,"column":40},"skip":true},{"start":{"line":288,"column":44},"end":{"line":288,"column":67},"skip":true}]},"22":{"line":292,"type":"binary-expr","locations":[{"start":{"line":292,"column":12},"end":{"line":292,"column":50},"skip":true},{"start":{"line":293,"column":12},"end":{"line":293,"column":53},"skip":true}]},"23":{"line":297,"type":"binary-expr","locations":[{"start":{"line":297,"column":12},"end":{"line":297,"column":66},"skip":true},{"start":{"line":298,"column":12},"end":{"line":301,"column":36},"skip":true}]},"24":{"line":303,"type":"binary-expr","locations":[{"start":{"line":303,"column":43},"end":{"line":303,"column":75},"skip":true},{"start":{"line":303,"column":79},"end":{"line":303,"column":81},"skip":true}]},"25":{"line":306,"type":"if","locations":[{"start":{"line":306,"column":8},"end":{"line":306,"column":8},"skip":true},{"start":{"line":306,"column":8},"end":{"line":306,"column":8},"skip":true}]},"26":{"line":310,"type":"if","locations":[{"start":{"line":310,"column":8},"end":{"line":310,"column":8},"skip":true},{"start":{"line":310,"column":8},"end":{"line":310,"column":8},"skip":true}]},"27":{"line":313,"type":"binary-expr","locations":[{"start":{"line":313,"column":27},"end":{"line":313,"column":43},"skip":true},{"start":{"line":313,"column":47},"end":{"line":313,"column":53},"skip":true}]},"28":{"line":317,"type":"if","locations":[{"start":{"line":317,"column":12},"end":{"line":317,"column":12},"skip":true},{"start":{"line":317,"column":12},"end":{"line":317,"column":12},"skip":true}]}},"code":["/*","example.js","","quickstart example","","instruction","    1. save this script as example.js","    2. run the shell command:","        $ npm install npmtest-inquirer && PORT=8081 node example.js","    3. play with the browser-demo on http://127.0.0.1:8081","*/","","","","/* istanbul instrument in package npmtest_inquirer */","/*jslint","    bitwise: true,","    browser: true,","    maxerr: 8,","    maxlen: 96,","    node: true,","    nomen: true,","    regexp: true,","    stupid: true","*/","(function () {","    'use strict';","    var local;","","","","    // run shared js-env code - pre-init","    (function () {","        // init local","        local = {};","        // init modeJs","        local.modeJs = (function () {","            try {","                return typeof navigator.userAgent === 'string' &&","                    typeof document.querySelector('body') === 'object' &&","                    typeof XMLHttpRequest.prototype.open === 'function' &&","                    'browser';","            } catch (errorCaughtBrowser) {","                return module.exports &&","                    typeof process.versions.node === 'string' &&","                    typeof require('http').createServer === 'function' &&","                    'node';","            }","        }());","        // init global","        local.global = local.modeJs === 'browser'","            ? window","            : global;","        // init utility2_rollup","        local = local.global.utility2_rollup || (local.modeJs === 'browser'","            ? local.global.utility2_npmtest_inquirer","            : global.utility2_moduleExports);","        // export local","        local.global.local = local;","    }());","    switch (local.modeJs) {","","","","    // post-init","    // run browser js-env code - post-init","    /* istanbul ignore next */","    case 'browser':","        local.testRunBrowser = function (event) {","            if (!event || (event &&","                    event.currentTarget &&","                    event.currentTarget.className &&","                    event.currentTarget.className.includes &&","                    event.currentTarget.className.includes('onreset'))) {","                // reset output","                Array.from(","                    document.querySelectorAll('body > .resettable')","                ).forEach(function (element) {","                    switch (element.tagName) {","                    case 'INPUT':","                    case 'TEXTAREA':","                        element.value = '';","                        break;","                    default:","                        element.textContent = '';","                    }","                });","            }","            switch (event && event.currentTarget && event.currentTarget.id) {","            case 'testRunButton1':","                // show tests","                if (document.querySelector('#testReportDiv1').style.display === 'none') {","                    document.querySelector('#testReportDiv1').style.display = 'block';","                    document.querySelector('#testRunButton1').textContent =","                        'hide internal test';","                    local.modeTest = true;","                    local.testRunDefault(local);","                // hide tests","                } else {","                    document.querySelector('#testReportDiv1').style.display = 'none';","                    document.querySelector('#testRunButton1').textContent = 'run internal test';","                }","                break;","            // custom-case","            default:","                break;","            }","            if (document.querySelector('#inputTextareaEval1') && (!event || (event &&","                    event.currentTarget &&","                    event.currentTarget.className &&","                    event.currentTarget.className.includes &&","                    event.currentTarget.className.includes('oneval')))) {","                // try to eval input-code","                try {","                    /*jslint evil: true*/","                    eval(document.querySelector('#inputTextareaEval1').value);","                } catch (errorCaught) {","                    console.error(errorCaught);","                }","            }","        };","        // log stderr and stdout to #outputTextareaStdout1","        ['error', 'log'].forEach(function (key) {","            console[key + '_original'] = console[key];","            console[key] = function () {","                var element;","                console[key + '_original'].apply(console, arguments);","                element = document.querySelector('#outputTextareaStdout1');","                if (!element) {","                    return;","                }","                // append text to #outputTextareaStdout1","                element.value += Array.from(arguments).map(function (arg) {","                    return typeof arg === 'string'","                        ? arg","                        : JSON.stringify(arg, null, 4);","                }).join(' ') + '\\n';","                // scroll textarea to bottom","                element.scrollTop = element.scrollHeight;","            };","        });","        // init event-handling","        ['change', 'click', 'keyup'].forEach(function (event) {","            Array.from(document.querySelectorAll('.on' + event)).forEach(function (element) {","                element.addEventListener(event, local.testRunBrowser);","            });","        });","        // run tests","        local.testRunBrowser();","        break;","","","","    // run node js-env code - post-init","    /* istanbul ignore next */","    case 'node':","        // export local","        module.exports = local;","        // require modules","        local.fs = require('fs');","        local.http = require('http');","        local.url = require('url');","        // init assets","        local.assetsDict = local.assetsDict || {};","        /* jslint-ignore-begin */","        local.assetsDict['/assets.index.template.html'] = '\\","<!doctype html>\\n\\","<html lang=\"en\">\\n\\","<head>\\n\\","<meta charset=\"UTF-8\">\\n\\","<meta name=\"viewport\" content=\"width=device-width, initial-scale=1\">\\n\\","<title>{{env.npm_package_name}} (v{{env.npm_package_version}})</title>\\n\\","<style>\\n\\","/*csslint\\n\\","    box-sizing: false,\\n\\","    universal-selector: false\\n\\","*/\\n\\","* {\\n\\","    box-sizing: border-box;\\n\\","}\\n\\","body {\\n\\","    background: #dde;\\n\\","    font-family: Arial, Helvetica, sans-serif;\\n\\","    margin: 2rem;\\n\\","}\\n\\","body > * {\\n\\","    margin-bottom: 1rem;\\n\\","}\\n\\",".utility2FooterDiv {\\n\\","    margin-top: 20px;\\n\\","    text-align: center;\\n\\","}\\n\\","</style>\\n\\","<style>\\n\\","/*csslint\\n\\","*/\\n\\","textarea {\\n\\","    font-family: monospace;\\n\\","    height: 10rem;\\n\\","    width: 100%;\\n\\","}\\n\\","textarea[readonly] {\\n\\","    background: #ddd;\\n\\","}\\n\\","</style>\\n\\","</head>\\n\\","<body>\\n\\","<!-- utility2-comment\\n\\","<div id=\"ajaxProgressDiv1\" style=\"background: #d00; height: 2px; left: 0; margin: 0; padding: 0; position: fixed; top: 0; transition: background 0.5s, width 1.5s; width: 25%;\"></div>\\n\\","utility2-comment -->\\n\\","<h1>\\n\\","<!-- utility2-comment\\n\\","    <a\\n\\","        {{#if env.npm_package_homepage}}\\n\\","        href=\"{{env.npm_package_homepage}}\"\\n\\","        {{/if env.npm_package_homepage}}\\n\\","        target=\"_blank\"\\n\\","    >\\n\\","utility2-comment -->\\n\\","        {{env.npm_package_name}} (v{{env.npm_package_version}})\\n\\","<!-- utility2-comment\\n\\","    </a>\\n\\","utility2-comment -->\\n\\","</h1>\\n\\","<h3>{{env.npm_package_description}}</h3>\\n\\","<!-- utility2-comment\\n\\","<h4><a download href=\"assets.app.js\">download standalone app</a></h4>\\n\\","<button class=\"onclick onreset\" id=\"testRunButton1\">run internal test</button><br>\\n\\","<div id=\"testReportDiv1\" style=\"display: none;\"></div>\\n\\","utility2-comment -->\\n\\","\\n\\","\\n\\","\\n\\","<label>stderr and stdout</label>\\n\\","<textarea class=\"resettable\" id=\"outputTextareaStdout1\" readonly></textarea>\\n\\","<!-- utility2-comment\\n\\","{{#if isRollup}}\\n\\","<script src=\"assets.app.js\"></script>\\n\\","{{#unless isRollup}}\\n\\","utility2-comment -->\\n\\","<script src=\"assets.utility2.rollup.js\"></script>\\n\\","<script src=\"jsonp.utility2._stateInit?callback=window.utility2._stateInit\"></script>\\n\\","<script src=\"assets.npmtest_inquirer.rollup.js\"></script>\\n\\","<script src=\"assets.example.js\"></script>\\n\\","<script src=\"assets.test.js\"></script>\\n\\","<!-- utility2-comment\\n\\","{{/if isRollup}}\\n\\","utility2-comment -->\\n\\","<div class=\"utility2FooterDiv\">\\n\\","    [ this app was created with\\n\\","    <a href=\"https://github.com/kaizhu256/node-utility2\" target=\"_blank\">utility2</a>\\n\\","    ]\\n\\","</div>\\n\\","</body>\\n\\","</html>\\n\\","';","        /* jslint-ignore-end */","        if (local.templateRender) {","            local.assetsDict['/'] = local.templateRender(","                local.assetsDict['/assets.index.template.html'],","                {","                    env: local.objectSetDefault(local.env, {","                        npm_package_description: 'the greatest app in the world!',","                        npm_package_name: 'my-app',","                        npm_package_nameAlias: 'my_app',","                        npm_package_version: '0.0.1'","                    })","                }","            );","        } else {","            local.assetsDict['/'] = local.assetsDict['/assets.index.template.html']","                .replace((/\\{\\{env\\.(\\w+?)\\}\\}/g), function (match0, match1) {","                    // jslint-hack","                    String(match0);","                    switch (match1) {","                    case 'npm_package_description':","                        return 'the greatest app in the world!';","                    case 'npm_package_name':","                        return 'my-app';","                    case 'npm_package_nameAlias':","                        return 'my_app';","                    case 'npm_package_version':","                        return '0.0.1';","                    }","                });","        }","        // run the cli","        if (local.global.utility2_rollup || module !== require.main) {","            break;","        }","        local.assetsDict['/assets.example.js'] =","            local.assetsDict['/assets.example.js'] ||","            local.fs.readFileSync(__filename, 'utf8');","        // bug-workaround - long $npm_package_buildCustomOrg","        /* jslint-ignore-begin */","        local.assetsDict['/assets.npmtest_inquirer.rollup.js'] =","            local.assetsDict['/assets.npmtest_inquirer.rollup.js'] ||","            local.fs.readFileSync(","                local.npmtest_inquirer.__dirname + '/lib.npmtest_inquirer.js',","                'utf8'","            ).replace((/^#!/), '//');","        /* jslint-ignore-end */","        local.assetsDict['/favicon.ico'] = local.assetsDict['/favicon.ico'] || '';","        // if $npm_config_timeout_exit exists,","        // then exit this process after $npm_config_timeout_exit ms","        if (Number(process.env.npm_config_timeout_exit)) {","            setTimeout(process.exit, Number(process.env.npm_config_timeout_exit));","        }","        // start server","        if (local.global.utility2_serverHttp1) {","            break;","        }","        process.env.PORT = process.env.PORT || '8081';","        console.error('server starting on port ' + process.env.PORT);","        local.http.createServer(function (request, response) {","            request.urlParsed = local.url.parse(request.url);","            if (local.assetsDict[request.urlParsed.pathname] !== undefined) {","                response.end(local.assetsDict[request.urlParsed.pathname]);","                return;","            }","            response.statusCode = 404;","            response.end();","        }).listen(process.env.PORT);","        break;","    }","}());",""],"l":{"26":2,"28":2,"33":2,"35":2,"37":2,"38":2,"39":2,"44":1,"51":2,"55":2,"59":2,"61":2,"69":1,"70":2,"76":2,"79":2,"82":2,"83":2,"85":1,"89":2,"92":1,"93":1,"94":1,"96":1,"97":1,"100":1,"101":1,"103":1,"106":1,"108":2,"114":1,"116":1,"118":1,"123":1,"124":2,"125":2,"126":3,"127":3,"128":3,"129":3,"130":1,"133":3,"134":3,"139":3,"143":1,"144":3,"145":1,"149":1,"150":1,"158":1,"160":1,"161":1,"162":1,"164":1,"166":1,"258":1,"259":1,"271":1,"274":6,"275":6,"277":1,"279":2,"281":1,"283":2,"288":1,"289":1,"291":1,"296":1,"303":1,"306":1,"307":1,"310":1,"311":1,"313":1,"314":1,"315":1,"316":1,"317":1,"318":1,"319":1,"321":1,"322":1,"324":1}},"/home/travis/build/npmtest/node-npmtest-inquirer/node_modules/inquirer/lib/inquirer.js":{"path":"/home/travis/build/npmtest/node-npmtest-inquirer/node_modules/inquirer/lib/inquirer.js","s":{"1":1,"2":1,"3":1,"4":1,"5":1,"6":1,"7":0,"8":0,"9":0,"10":0,"11":1,"12":1,"13":8,"14":8,"15":1,"16":1,"17":1,"18":1,"19":1,"20":1,"21":1,"22":1,"23":1,"24":1,"25":1,"26":1,"27":1,"28":0,"29":1,"30":0},"b":{},"f":{"1":1,"2":0,"3":8,"4":1,"5":0,"6":0},"fnMap":{"1":{"name":"(anonymous_1)","line":24,"loc":{"start":{"line":24,"column":30},"end":{"line":24,"column":45}}},"2":{"name":"(anonymous_2)","line":25,"loc":{"start":{"line":25,"column":21},"end":{"line":25,"column":42}}},"3":{"name":"(anonymous_3)","line":44,"loc":{"start":{"line":44,"column":32},"end":{"line":44,"column":56}}},"4":{"name":"(anonymous_4)","line":53,"loc":{"start":{"line":53,"column":39},"end":{"line":53,"column":51}}},"5":{"name":"(anonymous_5)","line":79,"loc":{"start":{"line":79,"column":26},"end":{"line":79,"column":50}}},"6":{"name":"(anonymous_6)","line":82,"loc":{"start":{"line":82,"column":33},"end":{"line":82,"column":45}}}},"statementMap":{"1":{"start":{"line":6,"column":0},"end":{"line":6,"column":30}},"2":{"start":{"line":12,"column":0},"end":{"line":12,"column":22}},"3":{"start":{"line":14,"column":0},"end":{"line":14,"column":52}},"4":{"start":{"line":16,"column":0},"end":{"line":19,"column":2}},"5":{"start":{"line":24,"column":0},"end":{"line":67,"column":2}},"6":{"start":{"line":25,"column":2},"end":{"line":34,"column":4}},"7":{"start":{"line":26,"column":4},"end":{"line":26,"column":63}},"8":{"start":{"line":27,"column":4},"end":{"line":27,"column":36}},"9":{"start":{"line":31,"column":4},"end":{"line":31,"column":20}},"10":{"start":{"line":33,"column":4},"end":{"line":33,"column":19}},"11":{"start":{"line":35,"column":2},"end":{"line":35,"column":28}},"12":{"start":{"line":44,"column":2},"end":{"line":47,"column":4}},"13":{"start":{"line":45,"column":4},"end":{"line":45,"column":40}},"14":{"start":{"line":46,"column":4},"end":{"line":46,"column":16}},"15":{"start":{"line":53,"column":2},"end":{"line":62,"column":4}},"16":{"start":{"line":54,"column":4},"end":{"line":54,"column":59}},"17":{"start":{"line":55,"column":4},"end":{"line":55,"column":61}},"18":{"start":{"line":56,"column":4},"end":{"line":56,"column":65}},"19":{"start":{"line":57,"column":4},"end":{"line":57,"column":65}},"20":{"start":{"line":58,"column":4},"end":{"line":58,"column":63}},"21":{"start":{"line":59,"column":4},"end":{"line":59,"column":67}},"22":{"start":{"line":60,"column":4},"end":{"line":60,"column":67}},"23":{"start":{"line":61,"column":4},"end":{"line":61,"column":63}},"24":{"start":{"line":64,"column":2},"end":{"line":64,"column":39}},"25":{"start":{"line":66,"column":2},"end":{"line":66,"column":22}},"26":{"start":{"line":76,"column":0},"end":{"line":76,"column":48}},"27":{"start":{"line":79,"column":0},"end":{"line":81,"column":2}},"28":{"start":{"line":80,"column":2},"end":{"line":80,"column":47}},"29":{"start":{"line":82,"column":0},"end":{"line":84,"column":2}},"30":{"start":{"line":83,"column":2},"end":{"line":83,"column":42}}},"branchMap":{},"code":["/**"," * Inquirer.js"," * A collection of common interactive command line user interfaces."," */","","var inquirer = module.exports;","","/**"," * Client interfaces"," */","","inquirer.prompts = {};","","inquirer.Separator = require('./objects/separator');","","inquirer.ui = {","  BottomBar: require('./ui/bottom-bar'),","  Prompt: require('./ui/prompt')","};","","/**"," * Create a new self-contained prompt module."," */","inquirer.createPromptModule = function (opt) {","  var promptModule = function (questions) {","    var ui = new inquirer.ui.Prompt(promptModule.prompts, opt);","    var promise = ui.run(questions);","","    // Monkey patch the UI on the promise object so","    // that it remains publicly accessible.","    promise.ui = ui;","","    return promise;","  };","  promptModule.prompts = {};","","  /**","   * Register a prompt type","   * @param {String} name     Prompt type name","   * @param {Function} prompt Prompt constructor","   * @return {inquirer}","   */","","  promptModule.registerPrompt = function (name, prompt) {","    promptModule.prompts[name] = prompt;","    return this;","  };","","  /**","   * Register the defaults provider prompts","   */","","  promptModule.restoreDefaultPrompts = function () {","    this.registerPrompt('list', require('./prompts/list'));","    this.registerPrompt('input', require('./prompts/input'));","    this.registerPrompt('confirm', require('./prompts/confirm'));","    this.registerPrompt('rawlist', require('./prompts/rawlist'));","    this.registerPrompt('expand', require('./prompts/expand'));","    this.registerPrompt('checkbox', require('./prompts/checkbox'));","    this.registerPrompt('password', require('./prompts/password'));","    this.registerPrompt('editor', require('./prompts/editor'));","  };","","  promptModule.restoreDefaultPrompts();","","  return promptModule;","};","","/**"," * Public CLI helper interface"," * @param  {Array|Object|rx.Observable} questions - Questions settings array"," * @param  {Function} cb - Callback being passed the user answers"," * @return {inquirer.ui.Prompt}"," */","","inquirer.prompt = inquirer.createPromptModule();","","// Expose helper functions on the top level for easiest usage by common users","inquirer.registerPrompt = function (name, prompt) {","  inquirer.prompt.registerPrompt(name, prompt);","};","inquirer.restoreDefaultPrompts = function () {","  inquirer.prompt.restoreDefaultPrompts();","};",""],"l":{"6":1,"12":1,"14":1,"16":1,"24":1,"25":1,"26":0,"27":0,"31":0,"33":0,"35":1,"44":1,"45":8,"46":8,"53":1,"54":1,"55":1,"56":1,"57":1,"58":1,"59":1,"60":1,"61":1,"64":1,"66":1,"76":1,"79":1,"80":0,"82":1,"83":0}},"/home/travis/build/npmtest/node-npmtest-inquirer/node_modules/inquirer/lib/objects/separator.js":{"path":"/home/travis/build/npmtest/node-npmtest-inquirer/node_modules/inquirer/lib/objects/separator.js","s":{"1":1,"2":1,"3":1,"4":0,"5":0,"6":1,"7":0,"8":1,"9":0},"b":{"1":[0,0]},"f":{"1":0,"2":0,"3":0},"fnMap":{"1":{"name":"(anonymous_1)","line":12,"loc":{"start":{"line":12,"column":33},"end":{"line":12,"column":49}}},"2":{"name":"(anonymous_2)","line":23,"loc":{"start":{"line":23,"column":20},"end":{"line":23,"column":35}}},"3":{"name":"(anonymous_3)","line":32,"loc":{"start":{"line":32,"column":31},"end":{"line":32,"column":43}}}},"statementMap":{"1":{"start":{"line":2,"column":0},"end":{"line":2,"column":29}},"2":{"start":{"line":3,"column":0},"end":{"line":3,"column":33}},"3":{"start":{"line":12,"column":0},"end":{"line":15,"column":2}},"4":{"start":{"line":13,"column":2},"end":{"line":13,"column":26}},"5":{"start":{"line":14,"column":2},"end":{"line":14,"column":66}},"6":{"start":{"line":23,"column":0},"end":{"line":25,"column":2}},"7":{"start":{"line":24,"column":2},"end":{"line":24,"column":34}},"8":{"start":{"line":32,"column":0},"end":{"line":34,"column":2}},"9":{"start":{"line":33,"column":2},"end":{"line":33,"column":19}}},"branchMap":{"1":{"line":14,"type":"binary-expr","locations":[{"start":{"line":14,"column":24},"end":{"line":14,"column":28}},{"start":{"line":14,"column":32},"end":{"line":14,"column":64}}]}},"code":["'use strict';","var chalk = require('chalk');","var figures = require('figures');","","/**"," * Separator object"," * Used to space/separate choices group"," * @constructor"," * @param {String} line   Separation line content (facultative)"," */","","var Separator = module.exports = function (line) {","  this.type = 'separator';","  this.line = chalk.dim(line || new Array(15).join(figures.line));","};","","/**"," * Helper function returning false if object is a separator"," * @param  {Object} obj object to test against"," * @return {Boolean}    `false` if object is a separator"," */","","Separator.exclude = function (obj) {","  return obj.type !== 'separator';","};","","/**"," * Stringify separator"," * @return {String} the separator display string"," */","","Separator.prototype.toString = function () {","  return this.line;","};",""],"l":{"2":1,"3":1,"12":1,"13":0,"14":0,"23":1,"24":0,"32":1,"33":0}},"/home/travis/build/npmtest/node-npmtest-inquirer/node_modules/inquirer/lib/ui/bottom-bar.js":{"path":"/home/travis/build/npmtest/node-npmtest-inquirer/node_modules/inquirer/lib/ui/bottom-bar.js","s":{"1":1,"2":1,"3":1,"4":1,"5":1,"6":1,"7":1,"8":0,"9":0,"10":0,"11":0,"12":0,"13":1,"14":1,"15":0,"16":0,"17":1,"18":0,"19":0,"20":1,"21":0,"22":0,"23":0,"24":0,"25":0,"26":0,"27":1,"28":0,"29":0,"30":0,"31":0,"32":0,"33":0,"34":1,"35":0,"36":1,"37":0,"38":0,"39":0,"40":0,"41":0,"42":0},"b":{"1":[0,0],"2":[0,0],"3":[0,0],"4":[0,0],"5":[0,0]},"f":{"1":0,"2":0,"3":0,"4":0,"5":0,"6":0,"7":0},"fnMap":{"1":{"name":"Prompt","line":21,"loc":{"start":{"line":21,"column":0},"end":{"line":21,"column":21}}},"2":{"name":"(anonymous_2)","line":37,"loc":{"start":{"line":37,"column":26},"end":{"line":37,"column":38}}},"3":{"name":"(anonymous_3)","line":42,"loc":{"start":{"line":42,"column":25},"end":{"line":42,"column":37}}},"4":{"name":"(anonymous_4)","line":53,"loc":{"start":{"line":53,"column":35},"end":{"line":53,"column":56}}},"5":{"name":"(anonymous_5)","line":68,"loc":{"start":{"line":68,"column":28},"end":{"line":68,"column":44}}},"6":{"name":"(anonymous_6)","line":83,"loc":{"start":{"line":83,"column":29},"end":{"line":83,"column":44}}},"7":{"name":"(anonymous_7)","line":92,"loc":{"start":{"line":92,"column":25},"end":{"line":92,"column":44}}}},"statementMap":{"1":{"start":{"line":5,"column":0},"end":{"line":5,"column":27}},"2":{"start":{"line":6,"column":0},"end":{"line":6,"column":33}},"3":{"start":{"line":7,"column":0},"end":{"line":7,"column":31}},"4":{"start":{"line":8,"column":0},"end":{"line":8,"column":43}},"5":{"start":{"line":9,"column":0},"end":{"line":9,"column":26}},"6":{"start":{"line":15,"column":0},"end":{"line":15,"column":24}},"7":{"start":{"line":21,"column":0},"end":{"line":29,"column":1}},"8":{"start":{"line":22,"column":2},"end":{"line":22,"column":20}},"9":{"start":{"line":24,"column":2},"end":{"line":24,"column":30}},"10":{"start":{"line":26,"column":2},"end":{"line":26,"column":47}},"11":{"start":{"line":27,"column":2},"end":{"line":27,"column":39}},"12":{"start":{"line":28,"column":2},"end":{"line":28,"column":16}},"13":{"start":{"line":30,"column":0},"end":{"line":30,"column":28}},"14":{"start":{"line":37,"column":0},"end":{"line":40,"column":2}},"15":{"start":{"line":38,"column":2},"end":{"line":38,"column":29}},"16":{"start":{"line":39,"column":2},"end":{"line":39,"column":14}},"17":{"start":{"line":42,"column":0},"end":{"line":45,"column":2}},"18":{"start":{"line":43,"column":2},"end":{"line":43,"column":64}},"19":{"start":{"line":44,"column":2},"end":{"line":44,"column":14}},"20":{"start":{"line":53,"column":0},"end":{"line":60,"column":2}},"21":{"start":{"line":54,"column":2},"end":{"line":54,"column":29}},"22":{"start":{"line":55,"column":2},"end":{"line":55,"column":32}},"23":{"start":{"line":56,"column":2},"end":{"line":56,"column":26}},"24":{"start":{"line":57,"column":2},"end":{"line":57,"column":24}},"25":{"start":{"line":58,"column":2},"end":{"line":58,"column":24}},"26":{"start":{"line":59,"column":2},"end":{"line":59,"column":14}},"27":{"start":{"line":68,"column":0},"end":{"line":75,"column":2}},"28":{"start":{"line":69,"column":2},"end":{"line":69,"column":26}},"29":{"start":{"line":70,"column":2},"end":{"line":70,"column":15}},"30":{"start":{"line":71,"column":2},"end":{"line":71,"column":56}},"31":{"start":{"line":72,"column":2},"end":{"line":72,"column":16}},"32":{"start":{"line":73,"column":2},"end":{"line":73,"column":24}},"33":{"start":{"line":74,"column":2},"end":{"line":74,"column":14}},"34":{"start":{"line":83,"column":0},"end":{"line":85,"column":2}},"35":{"start":{"line":84,"column":2},"end":{"line":84,"column":49}},"36":{"start":{"line":92,"column":0},"end":{"line":105,"column":2}},"37":{"start":{"line":93,"column":2},"end":{"line":93,"column":37}},"38":{"start":{"line":94,"column":2},"end":{"line":94,"column":32}},"39":{"start":{"line":97,"column":2},"end":{"line":97,"column":38}},"40":{"start":{"line":99,"column":2},"end":{"line":103,"column":3}},"41":{"start":{"line":102,"column":4},"end":{"line":102,"column":64}},"42":{"start":{"line":104,"column":2},"end":{"line":104,"column":32}}},"branchMap":{"1":{"line":22,"type":"binary-expr","locations":[{"start":{"line":22,"column":2},"end":{"line":22,"column":5}},{"start":{"line":22,"column":10},"end":{"line":22,"column":18}}]},"2":{"line":27,"type":"binary-expr","locations":[{"start":{"line":27,"column":19},"end":{"line":27,"column":32}},{"start":{"line":27,"column":36},"end":{"line":27,"column":38}}]},"3":{"line":84,"type":"cond-expr","locations":[{"start":{"line":84,"column":32},"end":{"line":84,"column":35}},{"start":{"line":84,"column":38},"end":{"line":84,"column":48}}]},"4":{"line":99,"type":"if","locations":[{"start":{"line":99,"column":2},"end":{"line":99,"column":2}},{"start":{"line":99,"column":2},"end":{"line":99,"column":2}}]},"5":{"line":99,"type":"binary-expr","locations":[{"start":{"line":99,"column":6},"end":{"line":99,"column":31}},{"start":{"line":99,"column":35},"end":{"line":99,"column":63}}]}},"code":["/**"," * Sticky bottom bar user interface"," */","","var util = require('util');","var through = require('through');","var Base = require('./baseUI');","var rlUtils = require('../utils/readline');","var _ = require('lodash');","","/**"," * Module exports"," */","","module.exports = Prompt;","","/**"," * Constructor"," */","","function Prompt(opt) {","  opt || (opt = {});","","  Base.apply(this, arguments);","","  this.log = through(this.writeLog.bind(this));","  this.bottomBar = opt.bottomBar || '';","  this.render();","}","util.inherits(Prompt, Base);","","/**"," * Render the prompt to screen"," * @return {Prompt} self"," */","","Prompt.prototype.render = function () {","  this.write(this.bottomBar);","  return this;","};","","Prompt.prototype.clean = function () {","  rlUtils.clearLine(this.rl, this.bottomBar.split('\\n').length);","  return this;","};","","/**"," * Update the bottom bar content and rerender"," * @param  {String} bottomBar Bottom bar content"," * @return {Prompt}           self"," */","","Prompt.prototype.updateBottomBar = function (bottomBar) {","  this.bottomBar = bottomBar;","  rlUtils.clearLine(this.rl, 1);","  this.rl.output.unmute();","  this.clean().render();","  this.rl.output.mute();","  return this;","};","","/**"," * Write out log data"," * @param {String} data - The log data to be output"," * @return {Prompt} self"," */","","Prompt.prototype.writeLog = function (data) {","  this.rl.output.unmute();","  this.clean();","  this.rl.output.write(this.enforceLF(data.toString()));","  this.render();","  this.rl.output.mute();","  return this;","};","","/**"," * Make sure line end on a line feed"," * @param  {String} str Input string"," * @return {String}     The input string with a final line feed"," */","","Prompt.prototype.enforceLF = function (str) {","  return str.match(/[\\r\\n]$/) ? str : str + '\\n';","};","","/**"," * Helper for writing message in Prompt"," * @param {Prompt} prompt  - The Prompt object that extends tty"," * @param {String} message - The message to be output"," */","Prompt.prototype.write = function (message) {","  var msgLines = message.split(/\\n/);","  this.height = msgLines.length;","","  // Write message to screen and setPrompt to control backspace","  this.rl.setPrompt(_.last(msgLines));","","  if (this.rl.output.rows === 0 && this.rl.output.columns === 0) {","    /* When it's a tty through serial port there's no terminal info and the render will malfunction,","       so we need enforce the cursor to locate to the leftmost position for rendering. */","    rlUtils.left(this.rl, message.length + this.rl.line.length);","  }","  this.rl.output.write(message);","};",""],"l":{"5":1,"6":1,"7":1,"8":1,"9":1,"15":1,"21":1,"22":0,"24":0,"26":0,"27":0,"28":0,"30":1,"37":1,"38":0,"39":0,"42":1,"43":0,"44":0,"53":1,"54":0,"55":0,"56":0,"57":0,"58":0,"59":0,"68":1,"69":0,"70":0,"71":0,"72":0,"73":0,"74":0,"83":1,"84":0,"92":1,"93":0,"94":0,"97":0,"99":0,"102":0,"104":0}},"/home/travis/build/npmtest/node-npmtest-inquirer/node_modules/inquirer/lib/ui/baseUI.js":{"path":"/home/travis/build/npmtest/node-npmtest-inquirer/node_modules/inquirer/lib/ui/baseUI.js","s":{"1":1,"2":1,"3":1,"4":1,"5":0,"6":0,"7":0,"8":0,"9":0,"10":0,"11":1,"12":0,"13":0,"14":1,"15":0,"16":0,"17":0,"18":0,"19":0,"20":0,"21":0,"22":0,"23":1,"24":0,"25":0,"26":0,"27":0,"28":0,"29":0},"b":{"1":[0,0],"2":[0,0],"3":[0,0],"4":[0,0],"5":[0,0],"6":[0,0]},"f":{"1":0,"2":0,"3":0,"4":0},"fnMap":{"1":{"name":"(anonymous_1)","line":10,"loc":{"start":{"line":10,"column":26},"end":{"line":10,"column":41}}},"2":{"name":"(anonymous_2)","line":30,"loc":{"start":{"line":30,"column":28},"end":{"line":30,"column":40}}},"3":{"name":"(anonymous_3)","line":39,"loc":{"start":{"line":39,"column":21},"end":{"line":39,"column":33}}},"4":{"name":"setupReadlineOptions","line":56,"loc":{"start":{"line":56,"column":0},"end":{"line":56,"column":35}}}},"statementMap":{"1":{"start":{"line":2,"column":0},"end":{"line":2,"column":26}},"2":{"start":{"line":3,"column":0},"end":{"line":3,"column":40}},"3":{"start":{"line":4,"column":0},"end":{"line":4,"column":35}},"4":{"start":{"line":10,"column":0},"end":{"line":23,"column":2}},"5":{"start":{"line":13,"column":2},"end":{"line":15,"column":3}},"6":{"start":{"line":14,"column":4},"end":{"line":14,"column":66}},"7":{"start":{"line":16,"column":2},"end":{"line":16,"column":19}},"8":{"start":{"line":18,"column":2},"end":{"line":18,"column":51}},"9":{"start":{"line":21,"column":2},"end":{"line":21,"column":42}},"10":{"start":{"line":22,"column":2},"end":{"line":22,"column":40}},"11":{"start":{"line":30,"column":0},"end":{"line":33,"column":2}},"12":{"start":{"line":31,"column":2},"end":{"line":31,"column":15}},"13":{"start":{"line":32,"column":2},"end":{"line":32,"column":18}},"14":{"start":{"line":39,"column":0},"end":{"line":54,"column":2}},"15":{"start":{"line":41,"column":2},"end":{"line":41,"column":54}},"16":{"start":{"line":42,"column":2},"end":{"line":42,"column":52}},"17":{"start":{"line":44,"column":2},"end":{"line":44,"column":26}},"18":{"start":{"line":46,"column":2},"end":{"line":48,"column":3}},"19":{"start":{"line":47,"column":4},"end":{"line":47,"column":30}},"20":{"start":{"line":51,"column":2},"end":{"line":51,"column":23}},"21":{"start":{"line":52,"column":2},"end":{"line":52,"column":18}},"22":{"start":{"line":53,"column":2},"end":{"line":53,"column":18}},"23":{"start":{"line":56,"column":0},"end":{"line":72,"column":1}},"24":{"start":{"line":57,"column":2},"end":{"line":57,"column":18}},"25":{"start":{"line":60,"column":2},"end":{"line":60,"column":41}},"26":{"start":{"line":63,"column":2},"end":{"line":63,"column":28}},"27":{"start":{"line":64,"column":2},"end":{"line":64,"column":40}},"28":{"start":{"line":65,"column":2},"end":{"line":65,"column":18}},"29":{"start":{"line":67,"column":2},"end":{"line":71,"column":39}}},"branchMap":{"1":{"line":13,"type":"if","locations":[{"start":{"line":13,"column":2},"end":{"line":13,"column":2}},{"start":{"line":13,"column":2},"end":{"line":13,"column":2}}]},"2":{"line":46,"type":"if","locations":[{"start":{"line":46,"column":2},"end":{"line":46,"column":2}},{"start":{"line":46,"column":2},"end":{"line":46,"column":2}}]},"3":{"line":46,"type":"binary-expr","locations":[{"start":{"line":46,"column":6},"end":{"line":46,"column":23}},{"start":{"line":46,"column":27},"end":{"line":46,"column":72}}]},"4":{"line":57,"type":"binary-expr","locations":[{"start":{"line":57,"column":8},"end":{"line":57,"column":11}},{"start":{"line":57,"column":15},"end":{"line":57,"column":17}}]},"5":{"line":60,"type":"binary-expr","locations":[{"start":{"line":60,"column":14},"end":{"line":60,"column":23}},{"start":{"line":60,"column":27},"end":{"line":60,"column":40}}]},"6":{"line":64,"type":"binary-expr","locations":[{"start":{"line":64,"column":10},"end":{"line":64,"column":20}},{"start":{"line":64,"column":24},"end":{"line":64,"column":38}}]}},"code":["'use strict';","var _ = require('lodash');","var MuteStream = require('mute-stream');","var readline = require('readline');","","/**"," * Base interface class other can inherits from"," */","","var UI = module.exports = function (opt) {","  // Instantiate the Readline interface","  // @Note: Don't reassign if already present (allow test to override the Stream)","  if (!this.rl) {","    this.rl = readline.createInterface(setupReadlineOptions(opt));","  }","  this.rl.resume();","","  this.onForceClose = this.onForceClose.bind(this);","","  // Make sure new prompt start on a newline when closing","  this.rl.on('SIGINT', this.onForceClose);","  process.on('exit', this.onForceClose);","};","","/**"," * Handle the ^C exit"," * @return {null}"," */","","UI.prototype.onForceClose = function () {","  this.close();","  console.log('');","};","","/**"," * Close the interface and cleanup listeners"," */","","UI.prototype.close = function () {","  // Remove events listeners","  this.rl.removeListener('SIGINT', this.onForceClose);","  process.removeListener('exit', this.onForceClose);","","  this.rl.output.unmute();","","  if (this.activePrompt && typeof this.activePrompt.close === 'function') {","    this.activePrompt.close();","  }","","  // Close the readline","  this.rl.output.end();","  this.rl.pause();","  this.rl.close();","};","","function setupReadlineOptions(opt) {","  opt = opt || {};","","  // Default `input` to stdin","  var input = opt.input || process.stdin;","","  // Add mute capabilities to the output","  var ms = new MuteStream();","  ms.pipe(opt.output || process.stdout);","  var output = ms;","","  return _.extend({","    terminal: true,","    input: input,","    output: output","  }, _.omit(opt, ['input', 'output']));","}",""],"l":{"2":1,"3":1,"4":1,"10":1,"13":0,"14":0,"16":0,"18":0,"21":0,"22":0,"30":1,"31":0,"32":0,"39":1,"41":0,"42":0,"44":0,"46":0,"47":0,"51":0,"52":0,"53":0,"56":1,"57":0,"60":0,"63":0,"64":0,"65":0,"67":0}},"/home/travis/build/npmtest/node-npmtest-inquirer/node_modules/inquirer/lib/utils/readline.js":{"path":"/home/travis/build/npmtest/node-npmtest-inquirer/node_modules/inquirer/lib/utils/readline.js","s":{"1":1,"2":1,"3":0,"4":1,"5":0,"6":1,"7":0,"8":1,"9":0,"10":1,"11":0},"b":{},"f":{"1":0,"2":0,"3":0,"4":0,"5":0},"fnMap":{"1":{"name":"(anonymous_1)","line":10,"loc":{"start":{"line":10,"column":15},"end":{"line":10,"column":32}}},"2":{"name":"(anonymous_2)","line":20,"loc":{"start":{"line":20,"column":16},"end":{"line":20,"column":33}}},"3":{"name":"(anonymous_3)","line":30,"loc":{"start":{"line":30,"column":13},"end":{"line":30,"column":30}}},"4":{"name":"(anonymous_4)","line":40,"loc":{"start":{"line":40,"column":15},"end":{"line":40,"column":32}}},"5":{"name":"(anonymous_5)","line":49,"loc":{"start":{"line":49,"column":20},"end":{"line":49,"column":39}}}},"statementMap":{"1":{"start":{"line":2,"column":0},"end":{"line":2,"column":42}},"2":{"start":{"line":10,"column":0},"end":{"line":12,"column":2}},"3":{"start":{"line":11,"column":2},"end":{"line":11,"column":49}},"4":{"start":{"line":20,"column":0},"end":{"line":22,"column":2}},"5":{"start":{"line":21,"column":2},"end":{"line":21,"column":48}},"6":{"start":{"line":30,"column":0},"end":{"line":32,"column":2}},"7":{"start":{"line":31,"column":2},"end":{"line":31,"column":43}},"8":{"start":{"line":40,"column":0},"end":{"line":42,"column":2}},"9":{"start":{"line":41,"column":2},"end":{"line":41,"column":45}},"10":{"start":{"line":49,"column":0},"end":{"line":51,"column":2}},"11":{"start":{"line":50,"column":2},"end":{"line":50,"column":47}}},"branchMap":{},"code":["'use strict';","var ansiEscapes = require('ansi-escapes');","","/**"," * Move cursor left by `x`"," * @param  {Readline} rl - Readline instance"," * @param  {Number}   x  - How far to go left (default to 1)"," */","","exports.left = function (rl, x) {","  rl.output.write(ansiEscapes.cursorBackward(x));","};","","/**"," * Move cursor right by `x`"," * @param  {Readline} rl - Readline instance"," * @param  {Number}   x  - How far to go left (default to 1)"," */","","exports.right = function (rl, x) {","  rl.output.write(ansiEscapes.cursorForward(x));","};","","/**"," * Move cursor up by `x`"," * @param  {Readline} rl - Readline instance"," * @param  {Number}   x  - How far to go up (default to 1)"," */","","exports.up = function (rl, x) {","  rl.output.write(ansiEscapes.cursorUp(x));","};","","/**"," * Move cursor down by `x`"," * @param  {Readline} rl - Readline instance"," * @param  {Number}   x  - How far to go down (default to 1)"," */","","exports.down = function (rl, x) {","  rl.output.write(ansiEscapes.cursorDown(x));","};","","/**"," * Clear current line"," * @param  {Readline} rl  - Readline instance"," * @param  {Number}   len - number of line to delete"," */","exports.clearLine = function (rl, len) {","  rl.output.write(ansiEscapes.eraseLines(len));","};",""],"l":{"2":1,"10":1,"11":0,"20":1,"21":0,"30":1,"31":0,"40":1,"41":0,"49":1,"50":0}},"/home/travis/build/npmtest/node-npmtest-inquirer/node_modules/inquirer/lib/ui/prompt.js":{"path":"/home/travis/build/npmtest/node-npmtest-inquirer/node_modules/inquirer/lib/ui/prompt.js","s":{"1":1,"2":1,"3":1,"4":1,"5":1,"6":1,"7":1,"8":0,"9":0,"10":1,"11":1,"12":0,"13":0,"14":0,"15":0,"16":0,"17":0,"18":0,"19":0,"20":0,"21":1,"22":0,"23":0,"24":1,"25":0,"26":0,"27":0,"28":0,"29":1,"30":0,"31":0,"32":0,"33":0,"34":0,"35":1,"36":0,"37":0,"38":0,"39":0,"40":1,"41":0,"42":0,"43":0,"44":0,"45":0,"46":0,"47":0,"48":0,"49":0,"50":0},"b":{"1":[0,0],"2":[0,0],"3":[0,0],"4":[0,0],"5":[0,0],"6":[0,0]},"f":{"1":0,"2":0,"3":0,"4":0,"5":0,"6":0,"7":0,"8":0,"9":0,"10":0,"11":0,"12":0,"13":0,"14":0,"15":0},"fnMap":{"1":{"name":"(anonymous_1)","line":13,"loc":{"start":{"line":13,"column":32},"end":{"line":13,"column":56}}},"2":{"name":"(anonymous_2)","line":19,"loc":{"start":{"line":19,"column":25},"end":{"line":19,"column":46}}},"3":{"name":"(anonymous_3)","line":41,"loc":{"start":{"line":41,"column":12},"end":{"line":41,"column":39}}},"4":{"name":"(anonymous_4)","line":53,"loc":{"start":{"line":53,"column":34},"end":{"line":53,"column":53}}},"5":{"name":"(anonymous_5)","line":59,"loc":{"start":{"line":59,"column":37},"end":{"line":59,"column":57}}},"6":{"name":"(anonymous_6)","line":61,"loc":{"start":{"line":61,"column":29},"end":{"line":61,"column":41}}},"7":{"name":"(anonymous_7)","line":74,"loc":{"start":{"line":74,"column":33},"end":{"line":74,"column":53}}},"8":{"name":"(anonymous_8)","line":77,"loc":{"start":{"line":77,"column":29},"end":{"line":77,"column":41}}},"9":{"name":"(anonymous_9)","line":78,"loc":{"start":{"line":78,"column":66},"end":{"line":78,"column":84}}},"10":{"name":"(anonymous_10)","line":84,"loc":{"start":{"line":84,"column":36},"end":{"line":84,"column":56}}},"11":{"name":"(anonymous_11)","line":89,"loc":{"start":{"line":89,"column":29},"end":{"line":89,"column":41}}},"12":{"name":"(anonymous_12)","line":94,"loc":{"start":{"line":94,"column":38},"end":{"line":94,"column":58}}},"13":{"name":"(anonymous_13)","line":104,"loc":{"start":{"line":104,"column":29},"end":{"line":104,"column":41}}},"14":{"name":"(anonymous_14)","line":106,"loc":{"start":{"line":106,"column":44},"end":{"line":106,"column":65}}},"15":{"name":"(anonymous_15)","line":111,"loc":{"start":{"line":111,"column":13},"end":{"line":111,"column":28}}}},"statementMap":{"1":{"start":{"line":2,"column":0},"end":{"line":2,"column":26}},"2":{"start":{"line":3,"column":0},"end":{"line":3,"column":23}},"3":{"start":{"line":4,"column":0},"end":{"line":4,"column":27}},"4":{"start":{"line":5,"column":0},"end":{"line":5,"column":36}},"5":{"start":{"line":6,"column":0},"end":{"line":6,"column":38}},"6":{"start":{"line":7,"column":0},"end":{"line":7,"column":31}},"7":{"start":{"line":13,"column":0},"end":{"line":16,"column":2}},"8":{"start":{"line":14,"column":2},"end":{"line":14,"column":23}},"9":{"start":{"line":15,"column":2},"end":{"line":15,"column":25}},"10":{"start":{"line":17,"column":0},"end":{"line":17,"column":30}},"11":{"start":{"line":19,"column":0},"end":{"line":47,"column":2}},"12":{"start":{"line":21,"column":2},"end":{"line":21,"column":20}},"13":{"start":{"line":24,"column":2},"end":{"line":26,"column":3}},"14":{"start":{"line":25,"column":4},"end":{"line":25,"column":28}},"15":{"start":{"line":31,"column":2},"end":{"line":31,"column":77}},"16":{"start":{"line":33,"column":2},"end":{"line":36,"column":15}},"17":{"start":{"line":38,"column":2},"end":{"line":38,"column":25}},"18":{"start":{"line":40,"column":2},"end":{"line":46,"column":40}},"19":{"start":{"line":42,"column":6},"end":{"line":42,"column":54}},"20":{"start":{"line":43,"column":6},"end":{"line":43,"column":26}},"21":{"start":{"line":53,"column":0},"end":{"line":57,"column":2}},"22":{"start":{"line":54,"column":2},"end":{"line":54,"column":15}},"23":{"start":{"line":56,"column":2},"end":{"line":56,"column":17}},"24":{"start":{"line":59,"column":0},"end":{"line":72,"column":2}},"25":{"start":{"line":60,"column":2},"end":{"line":60,"column":31}},"26":{"start":{"line":61,"column":2},"end":{"line":71,"column":16}},"27":{"start":{"line":62,"column":4},"end":{"line":62,"column":41}},"28":{"start":{"line":64,"column":4},"end":{"line":70,"column":46}},"29":{"start":{"line":74,"column":0},"end":{"line":82,"column":2}},"30":{"start":{"line":75,"column":2},"end":{"line":75,"column":43}},"31":{"start":{"line":76,"column":2},"end":{"line":76,"column":66}},"32":{"start":{"line":77,"column":2},"end":{"line":81,"column":16}},"33":{"start":{"line":78,"column":4},"end":{"line":80,"column":8}},"34":{"start":{"line":79,"column":6},"end":{"line":79,"column":51}},"35":{"start":{"line":84,"column":0},"end":{"line":92,"column":2}},"36":{"sta
[...]
er = (this.pointer < len - 1) ? this.pointer + 1 : 0;","  this.render();","};","","Prompt.prototype.onNumberKey = function (input) {","  if (input <= this.opt.choices.realLength) {","    this.pointer = input - 1;","    this.toggleChoice(this.pointer);","  }","  this.render();","};","","Prompt.prototype.onSpaceKey = function () {","  this.toggleChoice(this.pointer);","  this.render();","};","","Prompt.prototype.onAllKey = function () {","  var shouldBeChecked = Boolean(this.opt.choices.find(function (choice) {","    return choice.type !== 'separator' && !choice.checked;","  }));","","  this.opt.choices.forEach(function (choice) {","    if (choice.type !== 'separator') {","      choice.checked = shouldBeChecked;","    }","  });","","  this.render();","};","","Prompt.prototype.onInverseKey = function () {","  this.opt.choices.forEach(function (choice) {","    if (choice.type !== 'separator') {","      choice.checked = !choice.checked;","    }","  });","","  this.render();","};","","Prompt.prototype.toggleChoice = function (index) {","  var item = this.opt.choices.getChoice(index);","  if (item !== undefined) {","    this.opt.choices.getChoice(index).checked = !item.checked;","  }","};","","/**"," * Function for rendering checkbox choices"," * @param  {Number} pointer Position of the pointer"," * @return {String}         Rendered content"," */","","function renderChoices(choices, pointer) {","  var output = '';","  var separatorOffset = 0;","","  choices.forEach(function (choice, i) {","    if (choice.type === 'separator') {","      separatorOffset++;","      output += ' ' + choice + '\\n';","      return;","    }","","    if (choice.disabled) {","      separatorOffset++;","      output += ' - ' + choice.name;","      output += ' (' + (_.isString(choice.disabled) ? choice.disabled : 'Disabled') + ')';","    } else {","      var isSelected = (i - separatorOffset === pointer);","      output += isSelected ? chalk.cyan(figures.pointer) : ' ';","      output += getCheckbox(choice.checked) + ' ' + choice.name;","    }","","    output += '\\n';","  });","","  return output.replace(/\\n$/, '');","}","","/**"," * Get the checkbox"," * @param  {Boolean} checked - add a X or not to the checkbox"," * @return {String} Composited checkbox string"," */","","function getCheckbox(checked) {","  return checked ? chalk.green(figures.radioOn) : figures.radioOff;","}",""],"l":{"5":1,"6":1,"7":1,"8":1,"9":1,"10":1,"11":1,"12":1,"18":1,"24":1,"25":0,"27":0,"28":0,"31":0,"32":0,"33":0,"34":0,"39":0,"40":0,"43":0,"45":0,"47":1,"55":1,"56":0,"58":0,"60":0,"63":0,"64":0,"66":0,"67":0,"68":0,"69":0,"70":0,"71":0,"74":0,"75":0,"76":0,"78":0,"86":1,"88":0,"89":0,"91":0,"92":0,"96":0,"97":0,"99":0,"100":0,"101":0,"104":0,"105":0,"108":0,"115":1,"116":0,"119":0,"121":0,"122":0,"123":0,"126":1,"127":0,"130":1,"131":0,"132":0,"135":0,"136":0,"139":1,"140":0,"141":0,"142":0,"145":1,"146":0,"147":0,"148":0,"151":1,"152":0,"153":0,"154":0,"156":0,"159":1,"160":0,"161":0,"164":1,"165":0,"166":0,"169":0,"170":0,"171":0,"175":0,"178":1,"179":0,"180":0,"181":0,"185":0,"188":1,"189":0,"190":0,"191":0,"201":1,"202":0,"203":0,"205":0,"206":0,"207":0,"208":0,"209":0,"212":0,"213":0,"214":0,"215":0,"217":0,"218":0,"219":0,"222":0,"225":0,"234":1,"235":0}},"/home/travis/build/npmtest/node-npmtest-inquirer/node_modules/inquirer/lib/prompts/password.js":{"path":"/home/travis/build/npmtest/node-npmtest-inquirer/node_modules/inquirer/lib/prompts/password.js","s":{"1":1,"2":1,"3":1,"4":1,"5":1,"6":0,"7":0,"8":0,"9":0,"10":1,"11":1,"12":0,"13":1,"14":1,"15":0,"16":0,"17":0,"18":0,"19":0,"20":0,"21":0,"22":0,"23":0,"24":1,"25":0,"26":0,"27":0,"28":0,"29":0,"30":0,"31":0,"32":0,"33":1,"34":0,"35":0,"36":0,"37":1,"38":0,"39":0,"40":0,"41":0,"42":0,"43":1,"44":0,"45":0,"46":1,"47":0},"b":{"1":[0,0],"2":[0,0],"3":[0,0],"4":[0,0],"5":[0,0],"6":[0,0]},"f":{"1":0,"2":0,"3":0,"4":0,"5":0,"6":0,"7":0,"8":0},"fnMap":{"1":{"name":"mask","line":10,"loc":{"start":{"line":10,"column":0},"end":{"line":10,"column":21}}},"2":{"name":"Prompt","line":29,"loc":{"start":{"line":29,"column":0},"end":{"line":29,"column":18}}},"3":{"name":"(anonymous_3)","line":40,"loc":{"start":{"line":40,"column":24},"end":{"line":40,"column":38}}},"4":{"name":"(anonymous_4)","line":65,"loc":{"start":{"line":65,"column":26},"end":{"line":65,"column":43}}},"5":{"name":"(anonymous_5)","line":86,"loc":{"start":{"line":86,"column":31},"end":{"line":86,"column":48}}},"6":{"name":"(anonymous_6)","line":93,"loc":{"start":{"line":93,"column":25},"end":{"line":93,"column":42}}},"7":{"name":"(anonymous_7)","line":104,"loc":{"start":{"line":104,"column":27},"end":{"line":104,"column":44}}},"8":{"name":"(anonymous_8)","line":113,"loc":{"start":{"line":113,"column":30},"end":{"line":113,"column":42}}}},"statementMap":{"1":{"start":{"line":5,"column":0},"end":{"line":5,"column":27}},"2":{"start":{"line":6,"column":0},"end":{"line":6,"column":29}},"3":{"start":{"line":7,"column":0},"end":{"line":7,"column":29}},"4":{"start":{"line":8,"column":0},"end":{"line":8,"column":41}},"5":{"start":{"line":10,"column":0},"end":{"line":17,"column":1}},"6":{"start":{"line":11,"column":2},"end":{"line":11,"column":24}},"7":{"start":{"line":12,"column":2},"end":{"line":14,"column":3}},"8":{"start":{"line":13,"column":4},"end":{"line":13,"column":14}},"9":{"start":{"line":16,"column":2},"end":{"line":16,"column":47}},"10":{"start":{"line":23,"column":0},"end":{"line":23,"column":24}},"11":{"start":{"line":29,"column":0},"end":{"line":31,"column":1}},"12":{"start":{"line":30,"column":2},"end":{"line":30,"column":37}},"13":{"start":{"line":32,"column":0},"end":{"line":32,"column":28}},"14":{"start":{"line":40,"column":0},"end":{"line":58,"column":2}},"15":{"start":{"line":41,"column":2},"end":{"line":41,"column":17}},"16":{"start":{"line":43,"column":2},"end":{"line":43,"column":32}},"17":{"start":{"line":46,"column":2},"end":{"line":46,"column":60}},"18":{"start":{"line":48,"column":2},"end":{"line":48,"column":51}},"19":{"start":{"line":49,"column":2},"end":{"line":49,"column":52}},"20":{"start":{"line":50,"column":2},"end":{"line":50,"column":52}},"21":{"start":{"line":52,"column":2},"end":{"line":52,"column":84}},"22":{"start":{"line":55,"column":2},"end":{"line":55,"column":16}},"23":{"start":{"line":57,"column":2},"end":{"line":57,"column":14}},"24":{"start":{"line":65,"column":0},"end":{"line":80,"column":2}},"25":{"start":{"line":66,"column":2},"end":{"line":66,"column":35}},"26":{"start":{"line":67,"column":2},"end":{"line":67,"column":25}},"27":{"start":{"line":69,"column":2},"end":{"line":73,"column":3}},"28":{"start":{"line":70,"column":4},"end":{"line":70,"column":45}},"29":{"start":{"line":72,"column":4},"end":{"line":72,"column":40}},"30":{"start":{"line":75,"column":2},"end":{"line":77,"column":3}},"31":{"start":{"line":76,"column":4},"end":{"line":76,"column":52}},"32":{"start":{"line":79,"column":2},"end":{"line":79,"column":45}},"33":{"start":{"line":86,"column":0},"end":{"line":91,"column":2}},"34":{"start":{"line":87,"column":2},"end":{"line":89,"column":3}},"35":{"start":{"line":88,"column":4},"end":{"line":88,"column":60}},"36":{"start":{"line":90,"column":2},"end":{"line":90,"column":15}},"37":{"start":{"line":93,"column":0},"end":{"line":102,"column":2}},"38":{"start":{"line":94,"column":2},"end":{"line":94,"column":27}},"39":{"start":{"line":95,"column":2},"end":{"line":95,"column":28}},"40":{"start":{"line":98,"column":2},"end":{"line":98,"column":16}},"41":{"start":{"line":100,"column":2},"end":{"line":100,"column":21}},"42":{"start":{"line":101,"column":2},"end":{"line":101,"column":25}},"43":{"start":{"line":104,"column":0},"end":{"line":107,"column":2}},"44":{"start":{"line":105,"column":2},"end":{"line":105,"column":29}},"45":{"start":{"line":106,"column":2},"end":{"line":106,"column":26}},"46":{"start":{"line":113,"column":0},"end":{"line":115,"column":2}},"47":{"start":{"line":114,"column":2},"end":{"line":114,"column":16}}},"branchMap":{"1":{"line":12,"type":"if","locations":[{"start":{"line":12,"column":2},"end":{"line":12,"column":2}},{"start":{"line":12,"column":2},"end":{"line":12,"column":2}}]},"2":{"line":69,"type":"if","locations":[{"start":{"line":69,"column":2},"end":{"line":69,"column":2}},{"start":{"line":69,"column":2},"end":{"line":69,"column":2}}]},"3":{"line":72,"type":"binary-expr","locations":[{"start":{"line":72,"column":20},"end":{"line":72,"column":32}},{"start":{"line":72,"column":36},"end":{"line":72,"column":38}}]},"4":{"line":75,"type":"if","locations":[{"start":{"line":75,"column":2},"end":{"line":75,"column":2}},{"start":{"line":75,"column":2},"end":{"line":75,"column":2}}]},"5":{"line":87,"type":"if","locations":[{"start":{"line":87,"column":2},"end":{"line":87,"column":2}},{"start":{"line":87,"column":2},"end":{"line":87,"column":2}}]},"6":{"line":88,"type":"cond-expr","locations":[{"start":{"line":88,"column":38},"end":{"line":88,"column":40}},{"start":{"line":88,"column":43},"end":{"line":88,"column":59}}]}},"code":["/**"," * `password` type prompt"," */","","var util = require('util');","var chalk = require('chalk');","var Base = require('./base');","var observe = require('../utils/events');","","function mask(input) {","  input = String(input);","  if (input.length === 0) {","    return '';","  }","","  return new Array(input.length + 1).join('*');","}","","/**"," * Module exports"," */","","module.exports = Prompt;","","/**"," * Constructor"," */","","function Prompt() {","  return Base.apply(this, arguments);","}","util.inherits(Prompt, Base);","","/**"," * Start the Inquiry session"," * @param  {Function} cb      Callback when prompt is done"," * @return {this}"," */","","Prompt.prototype._run = function (cb) {","  this.done = cb;","","  var events = observe(this.rl);","","  // Once user confirm (enter key)","  var submit = events.line.map(this.filterInput.bind(this));","","  var validation = this.handleSubmitEvents(submit);","  validation.success.forEach(this.onEnd.bind(this));","  validation.error.forEach(this.onError.bind(this));","","  events.keypress.takeUntil(validation.success).forEach(this.onKeypress.bind(this));","","  // Init","  this.render();","","  return this;","};","","/**"," * Render the prompt to screen"," * @return {Prompt} self"," */","","Prompt.prototype.render = function (error) {","  var message = this.getQuestion();","  var bottomContent = '';","","  if (this.status === 'answered') {","    message += chalk.cyan(mask(this.answer));","  } else {","    message += mask(this.rl.line || '');","  }","","  if (error) {","    bottomContent = '\\n' + chalk.red('>> ') + error;","  }","","  this.screen.render(message, bottomContent);","};","","/**"," * When user press `enter` key"," */","","Prompt.prototype.filterInput = function (input) {","  if (!input) {","    return this.opt.default == null ? '' : this.opt.default;","  }","  return input;","};","","Prompt.prototype.onEnd = function (state) {","  this.status = 'answered';","  this.answer = state.value;","","  // Re-render prompt","  this.render();","","  this.screen.done();","  this.done(state.value);","};","","Prompt.prototype.onError = function (state) {","  this.render(state.isValid);","  this.rl.output.unmute();","};","","/**"," * When user type"," */","","Prompt.prototype.onKeypress = function () {","  this.render();","};",""],"l":{"5":1,"6":1,"7":1,"8":1,"10":1,"11":0,"12":0,"13":0,"16":0,"23":1,"29":1,"30":0,"32":1,"40":1,"41":0,"43":0,"46":0,"48":0,"49":0,"50":0,"52":0,"55":0,"57":0,"65":1,"66":0,"67":0,"69":0,"70":0,"72":0,"75":0,"76":0,"79":0,"86":1,"87":0,"88":0,"90":0,"93":1,"94":0,"95":0,"98":0,"100":0,"101":0,"104":1,"105":0,"106":0,"113":1,"114":0}},"/home/travis/build/npmtest/node-npmtest-inquirer/node_modules/inquirer/lib/prompts/editor.js":{"path":"/home/travis/build/npmtest/node-npmtest-inquirer/node_modules/inquirer/lib/prompts/editor.js","s":{"1":1,"2":1,"3":1,"4":1,"5":1,"6":1,"7":1,"8":1,"9":0,"10":1,"11":1,"12":0,"13":0,"14":0,"15":0,"16":0,"17":0,"18":0,"19":0,"20":0,"21":0,"22":0,"23":1,"24":0,"25":0,"26":0,"27":0,"28":0,"29":0,"30":0,"31":0,"32":1,"33":0,"34":0,"35":1,"36":0,"37":0,"38":0,"39":0,"40":1,"41":0,"42":0,"43":0,"44":0,"45":0,"46":0,"47":0,"48":1,"49":0},"b":{"1":[0,0],"2":[0,0],"3":[0,0]},"f":{"1":0,"2":0,"3":0,"4":0,"5":0,"6":0,"7":0},"fnMap":{"1":{"name":"Prompt","line":22,"loc":{"start":{"line":22,"column":0},"end":{"line":22,"column":18}}},"2":{"name":"(anonymous_2)","line":33,"loc":{"start":{"line":33,"column":24},"end":{"line":33,"column":38}}},"3":{"name":"(anonymous_3)","line":62,"loc":{"start":{"line":62,"column":26},"end":{"line":62,"column":43}}},"4":{"name":"(anonymous_4)","line":83,"loc":{"start":{"line":83,"column":39},"end":{"line":83,"column":51}}},"5":{"name":"(anonymous_5)","line":89,"loc":{"start":{"line":89,"column":37},"end":{"line":89,"column":62}}},"6":{"name":"(anonymous_6)","line":98,"loc":{"start":{"line":98,"column":25},"end":{"line":98,"column":42}}},"7":{"name":"(anonymous_7)","line":109,"loc":{"start":{"line":109,"column":27},"end":{"line":109,"column":44}}}},"statementMap":{"1":{"start":{"line":5,"column":0},"end":{"line":5,"column":27}},"2":{"start":{"line":6,"column":0},"end":{"line":6,"column":29}},"3":{"start":{"line":7,"column":0},"end":{"line":7,"column":48}},"4":{"start":{"line":8,"column":0},"end":{"line":8,"column":29}},"5":{"start":{"line":9,"column":0},"end":{"line":9,"column":41}},"6":{"start":{"line":10,"column":0},"end":{"line":10,"column":23}},"7":{"start":{"line":16,"column":0},"end":{"line":16,"column":24}},"8":{"start":{"line":22,"column":0},"end":{"line":24,"column":1}},"9":{"start":{"line":23,"column":2},"end":{"line":23,"column":37}},"10":{"start":{"line":25,"column":0},"end":{"line":25,"column":28}},"11":{"start":{"line":33,"column":0},"end":{"line":55,"column":2}},"12":{"start":{"line":34,"column":2},"end":{"line":34,"column":17}},"13":{"start":{"line":36,"column":2},"end":{"line":36,"column":39}},"14":{"start":{"line":39,"column":2},"end":{"line":39,"column":32}},"15":{"start":{"line":40,"column":2},"end":{"line":40,"column":83}},"16":{"start":{"line":43,"column":2},"end":{"line":43,"column":62}},"17":{"start":{"line":44,"column":2},"end":{"line":44,"column":52}},"18":{"start":{"line":45,"column":2},"end":{"line":45,"column":52}},"19":{"start":{"line":48,"column":2},"end":{"line":48,"column":38}},"20":{"start":{"line":49,"column":2},"end":{"line":49,"column":26}},"21":{"start":{"line":52,"column":2},"end":{"line":52,"column":16}},"22":{"start":{"line":54,"column":2},"end":{"line":54,"column":14}},"23":{"start":{"line":62,"column":0},"end":{"line":77,"column":2}},"24":{"start":{"line":63,"column":2},"end":{"line":63,"column":25}},"25":{"start":{"line":64,"column":2},"end":{"line":64,"column":35}},"26":{"start":{"line":66,"column":2},"end":{"line":70,"column":3}},"27":{"start":{"line":67,"column":4},"end":{"line":67,"column":37}},"28":{"start":{"line":69,"column":4},"end":{"line":69,"column":75}},"29":{"start":{"line":72,"column":2},"end":{"line":74,"column":3}},"30":{"start":{"line":73,"column":4},"end":{"line":73,"column":45}},"31":{"start":{"line":76,"column":2},"end":{"line":76,"column":45}},"32":{"start":{"line":83,"column":0},"end":{"line":87,"column":2}},"33":{"start":{"line":85,"column":2},"end":{"line":85,"column":18}},"34":{"start":{"line":86,"column":2},"end":{"line":86,"column":80}},"35":{"start":{"line":89,"column":0},"end":{"line":96,"column":2}},"36":{"start":{"line":90,"column":2},"end":{"line":90,"column":19}},"37":{"start":{"line":91,"column":2},"end":{"line":95,"column":3}},"38":{"start":{"line":92,"column":4},"end":{"line":92,"column":37}},"39":{"start":{"line":94,"column":4},"end":{"line":94,"column":37}},"40":{"start":{"line":98,"column":0},"end":{"line":107,"column":2}},"41":{"start":{"line":99,"column":2},"end":{"line":99,"column":30}},"42":{"start":{"line":100,"column":2},"end":{"line":100,"column":34}},"43":{"start":{"line":101,"column":2},"end":{"line":101,"column":28}},"44":{"start":{"line":102,"column":2},"end":{"line":102,"column":27}},"45":{"start":{"line":104,"column":2},"end":{"line":104,"column":16}},"46":{"start":{"line":105,"column":2},"end":{"line":105,"column":21}},"47":{"start":{"line":106,"column":2},"end":{"line":106,"column":25}},"48":{"start":{"line":109,"column":0},"end":{"line":111,"column":2}},"49":{"start":{"line":110,"column":2},"end":{"line":110,"column":29}}},"branchMap":{"1":{"line":66,"type":"if","locations":[{"start":{"line":66,"column":2},"end":{"line":66,"column":2}},{"start":{"line":66,"column":2},"end":{"line":66,"column":2}}]},"2":{"line":72,"type":"if","locations":[{"start":{"line":72,"column":2},"end":{"line":72,"column":2}},{"start":{"line":72,"column":2},"end":{"line":72,"column":2}}]},"3":{"line":91,"type":"if","locations":[{"start":{"line":91,"column":2},"end":{"line":91,"column":2}},{"start":{"line":91,"column":2},"end":{"line":91,"column":2}}]}},"code":["/**"," * `editor` type prompt"," */","","var util = require('util');","var chalk = require('chalk');","var ExternalEditor = require('external-editor');","var Base = require('./base');","var observe = require('../utils/events');","var rx = require('rx');","","/**"," * Module exports"," */","","module.exports = Prompt;","","/**"," * Constructor"," */","","function Prompt() {","  return Base.apply(this, arguments);","}","util.inherits(Prompt, Base);","","/**"," * Start the Inquiry session"," * @param  {Function} cb      Callback when prompt is done"," * @return {this}"," */","","Prompt.prototype._run = function (cb) {","  this.done = cb;","","  this.editorResult = new rx.Subject();","","  // Open Editor on \"line\" (Enter Key)","  var events = observe(this.rl);","  this.lineSubscription = events.line.forEach(this.startExternalEditor.bind(this));","","  // Trigger Validation when editor closes","  var validation = this.handleSubmitEvents(this.editorResult);","  validation.success.forEach(this.onEnd.bind(this));","  validation.error.forEach(this.onError.bind(this));","","  // Prevents default from being printed on screen (can look weird with multiple lines)","  this.currentText = this.opt.default;","  this.opt.default = null;","","  // Init","  this.render();","","  return this;","};","","/**"," * Render the prompt to screen"," * @return {Prompt} self"," */","","Prompt.prototype.render = function (error) {","  var bottomContent = '';","  var message = this.getQuestion();","","  if (this.status === 'answered') {","    message += chalk.dim('Received');","  } else {","    message += chalk.dim('Press <enter> to launch your preferred editor.');","  }","","  if (error) {","    bottomContent = chalk.red('>> ') + error;","  }","","  this.screen.render(message, bottomContent);","};","","/**"," * Launch $EDITOR on user press enter"," */","","Prompt.prototype.startExternalEditor = function () {","  // Pause Readline to prevent stdin and stdout from being modified while the editor is showing","  this.rl.pause();","  ExternalEditor.editAsync(this.currentText, this.endExternalEditor.bind(this));","};","","Prompt.prototype.endExternalEditor = function (error, result) {","  this.rl.resume();","  if (error) {","    this.editorResult.onError(error);","  } else {","    this.editorResult.onNext(result);","  }","};","","Prompt.prototype.onEnd = function (state) {","  this.editorResult.dispose();","  this.lineSubscription.dispose();","  this.answer = state.value;","  this.status = 'answered';","  // Re-render prompt","  this.render();","  this.screen.done();","  this.done(this.answer);","};","","Prompt.prototype.onError = function (state) {","  this.render(state.isValid);","};",""],"l":{"5":1,"6":1,"7":1,"8":1,"9":1,"10":1,"16":1,"22":1,"23":0,"25":1,"33":1,"34":0,"36":0,"39":0,"40":0,"43":0,"44":0,"45":0,"48":0,"49":0,"52":0,"54":0,"62":1,"63":0,"64":0,"66":0,"67":0,"69":0,"72":0,"73":0,"76":0,"83":1,"85":0,"86":0,"89":1,"90":0,"91":0,"92":0,"94":0,"98":1,"99":0,"100":0,"101":0,"102":0,"104":0,"105":0,"106":0,"109":1,"110":0}}}